     1                                  ; haribote-ipl
     2                                  ; TAB=4
     3                                  
     4                                  CYLS	EQU		9				; どこまで読み込むか
     5                                  
     6                                  		ORG		0x7c00			; このプログラムがどこに読み込まれるのか
     7                                  
     8                                  ; 以下は標準的なFAT12フォーマットフロッピーディスクのための記述
     9                                  
    10 00000000 EB4E                    		JMP		entry
    11 00000002 90                      		DB		0x90
    12 00000003 48415249424F5445        		DB		"HARIBOTE"		; ブートセクタの名前を自由に書いてよい（8バイト）
    13 0000000B 0002                    		DW		512				; 1セクタの大きさ（512にしなければいけない）
    14 0000000D 01                      		DB		1				; クラスタの大きさ（1セクタにしなければいけない）
    15 0000000E 0100                    		DW		1				; FATがどこから始まるか（普通は1セクタ目からにする）
    16 00000010 02                      		DB		2				; FATの個数（2にしなければいけない）
    17 00000011 E000                    		DW		224				; ルートディレクトリ領域の大きさ（普通は224エントリにする）
    18 00000013 400B                    		DW		2880			; このドライブの大きさ（2880セクタにしなければいけない）
    19 00000015 F0                      		DB		0xf0			; メディアのタイプ（0xf0にしなければいけない）
    20 00000016 0900                    		DW		9				; FAT領域の長さ（9セクタにしなければいけない）
    21 00000018 1200                    		DW		18				; 1トラックにいくつのセクタがあるか（18にしなければいけない）
    22 0000001A 0200                    		DW		2				; ヘッドの数（2にしなければいけない）
    23 0000001C 00000000                		DD		0				; パーティションを使ってないのでここは必ず0
    24 00000020 400B0000                		DD		2880			; このドライブ大きさをもう一度書く
    25 00000024 000029                  		DB		0,0,0x29		; よくわからないけどこの値にしておくといいらしい
    26 00000027 FFFFFFFF                		DD		0xffffffff		; たぶんボリュームシリアル番号
    27 0000002B 48415249424F54454F-     		DB		"HARIBOTEOS "	; ディスクの名前（11バイト）
    27 00000034 5320               
    28 00000036 4641543132202020        		DB		"FAT12   "		; フォーマットの名前（8バイト）
    29 0000003E <res 12h>               		RESB	18				; とりあえず18バイトあけておく
    29          ******************       warning: uninitialized space declared in .text section: zeroing [-w+zeroing]
    30                                  
    31                                  ; プログラム本体
    32                                  
    33                                  entry:
    34 00000050 B80000                  		MOV		AX,0			; レジスタ初期化
    35 00000053 8ED0                    		MOV		SS,AX
    36 00000055 BC007C                  		MOV		SP,0x7c00
    37 00000058 8ED8                    		MOV		DS,AX
    38                                  
    39                                  ; ディスクを読む
    40                                  
    41 0000005A B82008                  		MOV		AX,0x0820
    42 0000005D 8EC0                    		MOV		ES,AX
    43 0000005F B500                    		MOV		CH,0			; シリンダ0
    44 00000061 B600                    		MOV		DH,0			; ヘッド0
    45 00000063 B102                    		MOV		CL,2			; セクタ2
    46 00000065 BB4301                  		MOV		BX,18*2*CYLS-1	; 読み込みたい合計セクタ数
    47 00000068 E83300                  		CALL	readfast		; 高速読み込み
    48                                  
    49                                  ; 読み終わったのでharibote.sysを実行だ！
    50                                  
    51 0000006B C606F00F09              		MOV		BYTE [0x0ff0],CYLS	; IPLがどこまで読んだのかをメモ
    52 00000070 E9(00C2)                		JMP		0xc200
    53                                  
    54                                  error:
    55 00000073 B80000                  		MOV		AX,0
    56 00000076 8EC0                    		MOV		ES,AX
    57 00000078 BE[9000]                		MOV		SI,msg
    58                                  putloop:
    59 0000007B 8A04                    		MOV		AL,[SI]
    60 0000007D 83C601                  		ADD		SI,1			; SIに1を足す
    61 00000080 3C00                    		CMP		AL,0
    62 00000082 7409                    		JE		fin
    63 00000084 B40E                    		MOV		AH,0x0e			; 一文字表示ファンクション
    64 00000086 BB0F00                  		MOV		BX,15			; カラーコード
    65 00000089 CD10                    		INT		0x10			; ビデオBIOS呼び出し
    66 0000008B EBEE                    		JMP		putloop
    67                                  fin:
    68 0000008D F4                      		HLT						; 何かあるまでCPUを停止させる
    69 0000008E EBFD                    		JMP		fin				; 無限ループ
    70                                  msg:
    71 00000090 0A0A                    		DB		0x0a, 0x0a		; 改行を2つ
    72 00000092 6C6F6164206572726F-     		DB		"load error"
    72 0000009B 72                 
    73 0000009C 0A                      		DB		0x0a			; 改行
    74 0000009D 00                      		DB		0
    75                                  
    76                                  readfast:	; ALを使ってできるだけまとめて読み出す
    77                                  ;	ES:読み込み番地, CH:シリンダ, DH:ヘッド, CL:セクタ, BX:読み込みセクタ数
    78                                  
    79 0000009E 8CC0                    		MOV		AX,ES			; < ESからALの最大値を計算 >
    80 000000A0 C1E003                  		SHL		AX,3			; AXを32で割って、その結果をAHに入れたことになる （SHLは左シフト命令）
    81 000000A3 80E47F                  		AND		AH,0x7f			; AHはAHを128で割った余り（512*128=64K）
    82 000000A6 B080                    		MOV		AL,128			; AL = 128 - AH; 一番近い64KB境界まで最大何セクタ入るか
    83 000000A8 28E0                    		SUB		AL,AH
    84                                  
    85 000000AA 88DC                    		MOV		AH,BL			; < BXからALの最大値をAHに計算 >
    86 000000AC 80FF00                  		CMP		BH,0			; if (BH != 0) { AH = 18; }
    87 000000AF 7402                    		JE		.skip1
    88 000000B1 B412                    		MOV		AH,18
    89                                  .skip1:
    90 000000B3 38E0                    		CMP		AL,AH			; if (AL > AH) { AL = AH; }
    91 000000B5 7602                    		JBE		.skip2
    92 000000B7 88E0                    		MOV		AL,AH
    93                                  .skip2:
    94                                  
    95 000000B9 B413                    		MOV		AH,19			; < CLからALの最大値をAHに計算 >
    96 000000BB 28CC                    		SUB		AH,CL			; AH = 19 - CL;
    97 000000BD 38E0                    		CMP		AL,AH			; if (AL > AH) { AL = AH; }
    98 000000BF 7602                    		JBE		.skip3
    99 000000C1 88E0                    		MOV		AL,AH
   100                                  .skip3:
   101                                  
   102 000000C3 53                      		PUSH	BX
   103 000000C4 BE0000                  		MOV		SI,0			; 失敗回数を数えるレジスタ
   104                                  retry:
   105 000000C7 B402                    		MOV		AH,0x02			; AH=0x02 : ディスク読み込み
   106 000000C9 BB0000                  		MOV		BX,0
   107 000000CC B200                    		MOV		DL,0x00			; Aドライブ
   108 000000CE 06                      		PUSH	ES
   109 000000CF 52                      		PUSH	DX
   110 000000D0 51                      		PUSH	CX
   111 000000D1 50                      		PUSH	AX
   112 000000D2 CD13                    		INT		0x13			; ディスクBIOS呼び出し
   113 000000D4 7314                    		JNC		next			; エラーがおきなければnextへ
   114 000000D6 83C601                  		ADD		SI,1			; SIに1を足す
   115 000000D9 83FE05                  		CMP		SI,5			; SIと5を比較
   116 000000DC 7395                    		JAE		error			; SI >= 5 だったらerrorへ
   117 000000DE B400                    		MOV		AH,0x00
   118 000000E0 B200                    		MOV		DL,0x00			; Aドライブ
   119 000000E2 CD13                    		INT		0x13			; ドライブのリセット
   120 000000E4 58                      		POP		AX
   121 000000E5 59                      		POP		CX
   122 000000E6 5A                      		POP		DX
   123 000000E7 07                      		POP		ES
   124 000000E8 EBDD                    		JMP		retry
   125                                  next:
   126 000000EA 58                      		POP		AX
   127 000000EB 59                      		POP		CX
   128 000000EC 5A                      		POP		DX
   129 000000ED 5B                      		POP		BX				; ESの内容をBXで受け取る
   130 000000EE C1EB05                  		SHR		BX,5			; BXを16バイト単位から512バイト単位へ
   131 000000F1 B400                    		MOV		AH,0
   132 000000F3 01C3                    		ADD		BX,AX			; BX += AL;
   133 000000F5 C1E305                  		SHL		BX,5			; BXを512バイト単位から16バイト単位へ
   134 000000F8 8EC3                    		MOV		ES,BX			; これで ES += AL * 0x20; になる
   135 000000FA 5B                      		POP		BX
   136 000000FB 29C3                    		SUB		BX,AX
   137 000000FD 7418                    		JZ		.ret
   138 000000FF 00C1                    		ADD		CL,AL			; CLにALを足す
   139 00000101 80F912                  		CMP		CL,18			; CLと18を比較
   140 00000104 7698                    		JBE		readfast		; CL <= 18 だったらreadfastへ
   141 00000106 B101                    		MOV		CL,1
   142 00000108 80C601                  		ADD		DH,1
   143 0000010B 80FE02                  		CMP		DH,2
   144 0000010E 728E                    		JB		readfast		; DH < 2 だったらreadfastへ
   145 00000110 B600                    		MOV		DH,0
   146 00000112 80C501                  		ADD		CH,1
   147 00000115 EB87                    		JMP		readfast
   148                                  .ret:
   149 00000117 C3                      		RET
   150                                  
   151 00000118 <res E6h>               		RESB	0x1fe-($-$$)		; 0x7dfeまでを0x00で埋める命令
   151          ******************       warning: uninitialized space declared in .text section: zeroing [-w+zeroing]
   152                                  
   153 000001FE 55AA                    		DB		0x55, 0xaa
