     1                                  GLOBAL hankaku
     2                                  
     3                                  [SECTION .data]
     4                                  
     5                                  hankaku:
     6 00000000 000000000000000000-     DW 0x0000,0x0000,0x0000,0x0000,0x0000,0x0000,0x0000,0x0000
     7 00000009 00000000000000     
     8 00000010 00004438AA8282AAAA-     DW 0x0000,0x3844,0x82aa,0xaa82,0x82aa,0x9244,0x3800,0x0000
     9 00000019 82449200380000     
    10 00000020 00007C38D6FEFED6D6-     DW 0x0000,0x387c,0xfed6,0xd6fe,0xfed6,0xee7c,0x3800,0x0000
    11 00000029 FE7CEE00380000     
    12 00000030 00000000FE6CFEFE38-     DW 0x0000,0x0000,0x6cfe,0xfefe,0x7c38,0x1000,0x0000,0x0000
    13 00000039 7C001000000000     
    14 00000040 000000003810FE7C38-     DW 0x0000,0x0000,0x1038,0x7cfe,0x7c38,0x1000,0x0000,0x0000
    15 00000049 7C001000000000     
    16 00000050 000000003810FE5410-     DW 0x0000,0x0000,0x1038,0x54fe,0x5410,0x3800,0x0000,0x0000
    17 00000059 54003800000000     
    18 00000060 000000003810FE7C10-     DW 0x0000,0x0000,0x1038,0x7cfe,0xd610,0x3800,0x0000,0x0000
    19 00000069 D6003800000000     
    20 00000070 0000000000003C1818-     DW 0x0000,0x0000,0x0000,0x183c,0x3c18,0x0000,0x0000,0x0000
    21 00000079 3C000000000000     
    22 00000080 FFFFFFFFFFFFC3E7E7-     DW 0xffff,0xffff,0xffff,0xe7c3,0xc3e7,0xffff,0xffff,0xffff
    23 00000089 C3FFFFFFFFFFFF     
    24 00000090 000000003C00426666-     DW 0x0000,0x0000,0x003c,0x6642,0x4266,0x3c00,0x0000,0x0000
    25 00000099 42003C00000000     
    26 000000A0 FFFFFFFFC3FFBD9999-     DW 0xffff,0xffff,0xffc3,0x99bd,0xbd99,0xc3ff,0xffff,0xffff
    27 000000A9 BDFFC3FFFFFFFF     
    28 000000B0 100054381092381082-     DW 0x0010,0x3854,0x9210,0x1038,0x4482,0x8282,0x4438,0x0000
    29 000000B9 44828238440000     
    30 000000C0 380082448282384410-     DW 0x0038,0x4482,0x8282,0x4438,0x1010,0xfe10,0x1010,0x0000
    31 000000C9 1010FE10100000     
    32 000000D0 00000E0C0B0B080A18-     DW 0x0000,0x0c0e,0x0b0b,0x0a08,0x0818,0x78f8,0x7000,0x0000
    33 000000D9 08F87800700000     
    34 000000E0 00001F1F1111111111-     DW 0x0000,0x1f1f,0x1111,0x1111,0x1111,0x77ff,0x6600,0x0000
    35 000000E9 11FF7700660000     
    36 000000F0 000000005410283854-     DW 0x0000,0x0000,0x1054,0x3828,0x3854,0x1000,0x0000,0x0000
    37 000000F9 38001000000000     
    38 00000100 8000E0C0F8F0FEFCF8-     DW 0x0080,0xc0e0,0xf0f8,0xfcfe,0xfcf8,0xf0e0,0xc080,0x0000
    39 00000109 FCE0F080C00000     
    40 00000110 02000E063E1EFE7E3E-     DW 0x0002,0x060e,0x1e3e,0x7efe,0x7e3e,0x1e0e,0x0602,0x0000
    41 00000119 7E0E1E02060000     
    42 00000120 000038109254101092-     DW 0x0000,0x1038,0x5492,0x1010,0x1092,0x5438,0x1000,0x0000
    43 00000129 10385400100000     
    44 00000130 000044444444444444-     DW 0x0000,0x4444,0x4444,0x4444,0x4444,0x0000,0x4444,0x0000
    45 00000139 44000044440000     
    46 00000140 3E008A4A8A8A4A8A0A-     DW 0x003e,0x4a8a,0x8a8a,0x8a4a,0x3a0a,0x0a0a,0x0a0a,0x0000
    47 00000149 3A0A0A0A0A0000     
    48 00000150 827C20404438828244-     DW 0x7c82,0x4020,0x3844,0x8282,0x8244,0x3808,0x0482,0x7c00
    49 00000159 8208388204007C     
    50 00000160 000000000000000000-     DW 0x0000,0x0000,0x0000,0x0000,0x0000,0x00fe,0xfefe,0x0000
    51 00000169 00FE00FEFE0000     
    52 00000170 000038109254101092-     DW 0x0000,0x1038,0x5492,0x1010,0x1092,0x5438,0x107c,0x0000
    53 00000179 1038547C100000     
    54 00000180 100054381092101010-     DW 0x0010,0x3854,0x9210,0x1010,0x1010,0x1010,0x1010,0x0000
    55 00000189 10101010100000     
    56 00000190 100010101010101010-     DW 0x0010,0x1010,0x1010,0x1010,0x1010,0x9254,0x3810,0x0000
    57 00000199 10549210380000     
    58 000001A0 000000000810FE0408-     DW 0x0000,0x0000,0x1008,0x04fe,0x0408,0x1000,0x0000,0x0000
    59 000001A9 04001000000000     
    60 000001B0 000000002010FE4020-     DW 0x0000,0x0000,0x1020,0x40fe,0x4020,0x1000,0x0000,0x0000
    61 000001B9 40001000000000     
    62 000001C0 000000000000000000-     DW 0x0000,0x0000,0x0000,0x0000,0x0000,0x0080,0x80fe,0x0000
    63 000001C9 008000FE800000     
    64 000001D0 000000002800FE4428-     DW 0x0000,0x0000,0x0028,0x44fe,0x4428,0x0000,0x0000,0x0000
    65 000001D9 44000000000000     
    66 000001E0 00000000101038387C-     DW 0x0000,0x0000,0x1010,0x3838,0x7c7c,0xfefe,0x0000,0x0000
    67 000001E9 7CFEFE00000000     
    68 000001F0 00000000FEFE7C7C38-     DW 0x0000,0x0000,0xfefe,0x7c7c,0x3838,0x1010,0x0000,0x0000
    69 000001F9 38101000000000     
    70 00000200 000000000000000000-     DW 0x0000,0x0000,0x0000,0x0000,0x0000,0x0000,0x0000,0x0000
    71 00000209 00000000000000     
    72 00000210 100010101010101010-     DW 0x0010,0x1010,0x1010,0x1010,0x1010,0x0000,0x1010,0x0000
    73 00000219 10000010100000     
    74 00000220 282800280000000000-     DW 0x2828,0x2800,0x0000,0x0000,0x0000,0x0000,0x0000,0x0000
    75 00000229 00000000000000     
    76 00000230 4400444444FE444444-     DW 0x0044,0x4444,0xfe44,0x4444,0x4444,0xfe44,0x4444,0x0000
    77 00000239 4444FE44440000     
    78 00000240 3A1092569092385012-     DW 0x103a,0x5692,0x9290,0x5038,0x1412,0x9292,0xd4b8,0x1010
    79 00000249 149292B8D41010     
    80 00000250 92629494086810102C-     DW 0x6292,0x9494,0x6808,0x1010,0x202c,0x5252,0x928c,0x0000
    81 00000259 2052528C920000     
    82 00000260 700088889088476092-     DW 0x0070,0x8888,0x8890,0x6047,0xa292,0x8a84,0x4639,0x0000
    83 00000269 A2848A39460000     
    84 00000270 080400100000000000-     DW 0x0408,0x1000,0x0000,0x0000,0x0000,0x0000,0x0000,0x0000
    85 00000279 00000000000000     
    86 00000280 040208081010101010-     DW 0x0204,0x0808,0x1010,0x1010,0x1010,0x1008,0x0804,0x0200
    87 00000289 10081004080002     
    88 00000290 408020201010101010-     DW 0x8040,0x2020,0x1010,0x1010,0x1010,0x1020,0x2040,0x8000
    89 00000299 10201040200080     
    90 000002A0 000000001000549254-     DW 0x0000,0x0000,0x0010,0x9254,0x3854,0x9210,0x0000,0x0000
    91 000002A9 38109200000000     
    92 000002B0 000000001000101010-     DW 0x0000,0x0000,0x0010,0x1010,0xfe10,0x1010,0x0000,0x0000
    93 000002B9 FE101000000000     
    94 000002C0 000000000000000000-     DW 0x0000,0x0000,0x0000,0x0000,0x0000,0x0018,0x1808,0x0810
    95 000002C9 00180008181008     
    96 000002D0 000000000000000000-     DW 0x0000,0x0000,0x0000,0x0000,0xfe00,0x0000,0x0000,0x0000
    97 000002D9 FE000000000000     
    98 000002E0 000000000000000000-     DW 0x0000,0x0000,0x0000,0x0000,0x0000,0x0000,0x1818,0x0000
    99 000002E9 00000018180000     
   100 000002F0 020204040808100820-     DW 0x0202,0x0404,0x0808,0x0810,0x1020,0x2040,0x4040,0x8080
   101 000002F9 10402040408080     
   102 00000300 180024244242424242-     DW 0x0018,0x2424,0x4242,0x4242,0x4242,0x4224,0x2418,0x0000
   103 00000309 42244218240000     
   104 00000310 080028180808080808-     DW 0x0008,0x1828,0x0808,0x0808,0x0808,0x0808,0x083e,0x0000
   105 00000319 0808083E080000     
   106 00000320 180042240242080420-     DW 0x0018,0x2442,0x4202,0x0408,0x1020,0x2040,0x407e,0x0000
   107 00000329 1040207E400000     
   108 00000330 180042240202180402-     DW 0x0018,0x2442,0x0202,0x0418,0x0402,0x0242,0x2418,0x0000
   109 00000339 04420218240000     
   110 00000340 0C000C0C1414241444-     DW 0x000c,0x0c0c,0x1414,0x1424,0x2444,0x7e04,0x041e,0x0000
   111 00000349 24047E1E040000     
   112 00000350 7C0040405840026402-     DW 0x007c,0x4040,0x4058,0x6402,0x0202,0x0242,0x2418,0x0000
   113 00000359 02420218240000     
   114 00000360 180042245840426442-     DW 0x0018,0x2442,0x4058,0x6442,0x4242,0x4242,0x2418,0x0000
   115 00000369 42424218240000     
   116 00000370 7E0042420404080810-     DW 0x007e,0x4242,0x0404,0x0808,0x0810,0x1010,0x1038,0x0000
   117 00000379 08101038100000     
   118 00000380 180042244242182442-     DW 0x0018,0x2442,0x4242,0x2418,0x2442,0x4242,0x2418,0x0000
   119 00000389 24424218240000     
   120 00000390 18004224424242421A-     DW 0x0018,0x2442,0x4242,0x4242,0x261a,0x0242,0x2418,0x0000
   121 00000399 26420218240000     
   122 000003A0 000000001800001800-     DW 0x0000,0x0000,0x0018,0x1800,0x0000,0x0000,0x1818,0x0000
   123 000003A9 00000018180000     
   124 000003B0 000000001800001800-     DW 0x0000,0x0000,0x0018,0x1800,0x0000,0x0018,0x1808,0x0810
   125 000003B9 00180008181008     
   126 000003C0 020008042010804040-     DW 0x0002,0x0408,0x1020,0x4080,0x8040,0x2010,0x0804,0x0200
   127 000003C9 80102004080002     
   128 000003D0 00000000000000FEFE-     DW 0x0000,0x0000,0x0000,0xfe00,0x00fe,0x0000,0x0000,0x0000
   129 000003D9 00000000000000     
   130 000003E0 800020400810020404-     DW 0x0080,0x4020,0x1008,0x0402,0x0204,0x0810,0x2040,0x8000
   131 000003E9 02100840200080     
   132 000003F0 380082448282080410-     DW 0x0038,0x4482,0x8282,0x0408,0x1010,0x0000,0x1818,0x0000
   133 000003F9 10000018180000     
   134 00000400 38008244AA9AAAAAAA-     DW 0x0038,0x4482,0x9aaa,0xaaaa,0xaaaa,0x9c80,0x4638,0x0000
   135 00000409 AA809C38460000     
   136 00000410 18001818241824247E-     DW 0x0018,0x1818,0x1824,0x2424,0x247e,0x4242,0x42e7,0x0000
   137 00000419 244242E7420000     
   138 00000420 F00044484444784842-     DW 0x00f0,0x4844,0x4444,0x4878,0x4442,0x4242,0x44f8,0x0000
   139 00000429 444242F8440000     
   140 00000430 3A0042468082808080-     DW 0x003a,0x4642,0x8280,0x8080,0x8080,0x8242,0x4438,0x0000
   141 00000439 80428238440000     
   142 00000440 F80044444242424242-     DW 0x00f8,0x4444,0x4242,0x4242,0x4242,0x4244,0x44f8,0x0000
   143 00000449 424442F8440000     
   144 00000450 FE00424240407C4440-     DW 0x00fe,0x4242,0x4040,0x447c,0x4440,0x4042,0x42fe,0x0000
   145 00000459 444240FE420000     
   146 00000460 FE00424240407C4444-     DW 0x00fe,0x4242,0x4040,0x447c,0x4444,0x4040,0x40f0,0x0000
   147 00000469 444040F0400000     
   148 00000470 3A00424680829E8082-     DW 0x003a,0x4642,0x8280,0x809e,0x8282,0x8242,0x4638,0x0000
   149 00000479 82428238460000     
   150 00000480 E700424242427E4242-     DW 0x00e7,0x4242,0x4242,0x427e,0x4242,0x4242,0x42e7,0x0000
   151 00000489 424242E7420000     
   152 00000490 7C0010101010101010-     DW 0x007c,0x1010,0x1010,0x1010,0x1010,0x1010,0x107c,0x0000
   153 00000499 1010107C100000     
   154 000004A0 1F0004040404040404-     DW 0x001f,0x0404,0x0404,0x0404,0x0404,0x0404,0x8448,0x3000
   155 000004A9 04040448840030     
   156 000004B0 E70044425048605050-     DW 0x00e7,0x4244,0x4850,0x5060,0x5050,0x4844,0x42e7,0x0000
   157 000004B9 504448E7420000     
   158 000004C0 F00040404040404040-     DW 0x00f0,0x4040,0x4040,0x4040,0x4040,0x4042,0x42fe,0x0000
   159 000004C9 404240FE420000     
   160 000004D0 C300664266665A5A42-     DW 0x00c3,0x4266,0x6666,0x5a5a,0x5a42,0x4242,0x42e7,0x0000
   161 000004D9 5A4242E7420000     
   162 000004E0 C7006242526252524A-     DW 0x00c7,0x4262,0x6252,0x5252,0x4a4a,0x4a46,0x46e2,0x0000
   163 000004E9 4A464AE2460000     
   164 000004F0 380082448282828282-     DW 0x0038,0x4482,0x8282,0x8282,0x8282,0x8282,0x4438,0x0000
   165 000004F9 82828238440000     
   166 00000500 F80042444242784440-     DW 0x00f8,0x4442,0x4242,0x4478,0x4040,0x4040,0x40f0,0x0000
   167 00000509 404040F0400000     
   168 00000510 380082448282828282-     DW 0x0038,0x4482,0x8282,0x8282,0x8282,0x928a,0x443a,0x0000
   169 00000519 828A923A440000     
   170 00000520 FC0042424242447C42-     DW 0x00fc,0x4242,0x4242,0x7c44,0x4242,0x4242,0x42e7,0x0000
   171 00000529 424242E7420000     
   172 00000530 3A0082468082384002-     DW 0x003a,0x4682,0x8280,0x4038,0x0402,0x8282,0xc4b8,0x0000
   173 00000539 048282B8C40000     
   174 00000540 FE0092921010101010-     DW 0x00fe,0x9292,0x1010,0x1010,0x1010,0x1010,0x107c,0x0000
   175 00000549 1010107C100000     
   176 00000550 E70042424242424242-     DW 0x00e7,0x4242,0x4242,0x4242,0x4242,0x4242,0x243c,0x0000
   177 00000559 4242423C240000     
   178 00000560 E70042424242242424-     DW 0x00e7,0x4242,0x4242,0x2424,0x2424,0x1818,0x1818,0x0000
   179 00000569 24181818180000     
   180 00000570 E70042425A425A5A24-     DW 0x00e7,0x4242,0x425a,0x5a5a,0x5a24,0x2424,0x2424,0x0000
   181 00000579 5A242424240000     
   182 00000580 E70042422424182424-     DW 0x00e7,0x4242,0x2424,0x2418,0x2424,0x2442,0x42e7,0x0000
   183 00000589 244224E7420000     
   184 00000590 EE0044442844282810-     DW 0x00ee,0x4444,0x4428,0x2828,0x1010,0x1010,0x107c,0x0000
   185 00000599 1010107C100000     
   186 000005A0 FE0084840808101020-     DW 0x00fe,0x8484,0x0808,0x1010,0x2020,0x4042,0x82fe,0x0000
   187 000005A9 204240FE820000     
   188 000005B0 3E0020202020202020-     DW 0x003e,0x2020,0x2020,0x2020,0x2020,0x2020,0x2020,0x3e00
   189 000005B9 2020202020003E     
   190 000005C0 808040402020102008-     DW 0x8080,0x4040,0x2020,0x2010,0x1008,0x0804,0x0404,0x0202
   191 000005C9 10040804040202     
   192 000005D0 7C0004040404040404-     DW 0x007c,0x0404,0x0404,0x0404,0x0404,0x0404,0x0404,0x7c00
   193 000005D9 0404040404007C     
   194 000005E0 100044280082000000-     DW 0x0010,0x2844,0x8200,0x0000,0x0000,0x0000,0x0000,0x0000
   195 000005E9 00000000000000     
   196 000005F0 000000000000000000-     DW 0x0000,0x0000,0x0000,0x0000,0x0000,0x0000,0x0000,0xfe00
   197 000005F9 000000000000FE     
   198 00000600 081000040000000000-     DW 0x1008,0x0400,0x0000,0x0000,0x0000,0x0000,0x0000,0x0000
   199 00000609 00000000000000     
   200 00000610 000000007000040844-     DW 0x0000,0x0000,0x0070,0x0804,0x3c44,0x8484,0x8c76,0x0000
   201 00000619 3C8484768C0000     
   202 00000620 40C040405840426442-     DW 0xc040,0x4040,0x4058,0x6442,0x4242,0x4242,0x6458,0x0000
   203 00000629 42424258640000     
   204 00000630 000000003000844C80-     DW 0x0000,0x0000,0x0030,0x4c84,0x8480,0x8082,0x4438,0x0000
   205 00000639 84828038440000     
   206 00000640 040C04043404844C84-     DW 0x0c04,0x0404,0x0434,0x4c84,0x8484,0x8484,0x4c36,0x0000
   207 00000649 848484364C0000     
   208 00000650 0000000038008244FC-     DW 0x0000,0x0000,0x0038,0x4482,0x82fc,0x8082,0x423c,0x0000
   209 00000659 8282803C420000     
   210 00000660 100E10107C10101010-     DW 0x0e10,0x1010,0x107c,0x1010,0x1010,0x1010,0x107c,0x0000
   211 00000669 1010107C100000     
   212 00000670 000000003600844C84-     DW 0x0000,0x0000,0x0036,0x4c84,0x8484,0x844c,0x3404,0x0478
   213 00000679 844C8404347804     
   214 00000680 40C040405840426442-     DW 0xc040,0x4040,0x4058,0x6442,0x4242,0x4242,0x42e3,0x0000
   215 00000689 424242E3420000     
   216 00000690 100000103000101010-     DW 0x0010,0x1000,0x0030,0x1010,0x1010,0x1010,0x1038,0x0000
   217 00000699 10101038100000     
   218 000006A0 040000040C00040404-     DW 0x0004,0x0400,0x000c,0x0404,0x0404,0x0404,0x0408,0x0830
   219 000006A9 04040408043008     
   220 000006B0 40C040404E40484460-     DW 0xc040,0x4040,0x404e,0x4448,0x5060,0x5048,0x44e6,0x0000
   221 000006B9 504850E6440000     
   222 000006C0 103010101010101010-     DW 0x3010,0x1010,0x1010,0x1010,0x1010,0x1010,0x1038,0x0000
   223 000006C9 10101038100000     
   224 000006D0 00000000F600494949-     DW 0x0000,0x0000,0x00f6,0x4949,0x4949,0x4949,0x49db,0x0000
   225 000006D9 494949DB490000     
   226 000006E0 00000000D800426442-     DW 0x0000,0x0000,0x00d8,0x6442,0x4242,0x4242,0x42e3,0x0000
   227 000006E9 424242E3420000     
   228 000006F0 000000003800824482-     DW 0x0000,0x0000,0x0038,0x4482,0x8282,0x8282,0x4438,0x0000
   229 000006F9 82828238440000     
   230 00000700 00000000D800426442-     DW 0x0000,0x0000,0x00d8,0x6442,0x4242,0x4242,0x6458,0x40e0
   231 00000709 4242425864E040     
   232 00000710 000000003400844C84-     DW 0x0000,0x0000,0x0034,0x4c84,0x8484,0x8484,0x4c34,0x040e
   233 00000719 848484344C0E04     
   234 00000720 00000000DC00426240-     DW 0x0000,0x0000,0x00dc,0x6242,0x4040,0x4040,0x40e0,0x0000
   235 00000729 404040E0400000     
   236 00000730 000000007A00828638-     DW 0x0000,0x0000,0x007a,0x8682,0xc038,0x0682,0xc2bc,0x0000
   237 00000739 C08206BCC20000     
   238 00000740 000010107C10101010-     DW 0x0000,0x1010,0x107c,0x1010,0x1010,0x1010,0x100e,0x0000
   239 00000749 1010100E100000     
   240 00000750 00000000C600424242-     DW 0x0000,0x0000,0x00c6,0x4242,0x4242,0x4242,0x463b,0x0000
   241 00000759 4242423B460000     
   242 00000760 00000000E700424224-     DW 0x0000,0x0000,0x00e7,0x4242,0x4224,0x2424,0x1818,0x0000
   243 00000769 42242418180000     
   244 00000770 00000000E70042425A-     DW 0x0000,0x0000,0x00e7,0x4242,0x5a5a,0x5a24,0x2424,0x0000
   245 00000779 5A245A24240000     
   246 00000780 00000000C600284410-     DW 0x0000,0x0000,0x00c6,0x4428,0x2810,0x2828,0x44c6,0x0000
   247 00000789 282828C6440000     
   248 00000790 00000000E700424224-     DW 0x0000,0x0000,0x00e7,0x4242,0x2424,0x2418,0x1810,0x1060
   249 00000799 24182410186010     
   250 000007A0 00000000FE00848210-     DW 0x0000,0x0000,0x00fe,0x8284,0x0810,0x2042,0x82fe,0x0000
   251 000007A9 084220FE820000     
   252 000007B0 060010081010601010-     DW 0x0006,0x0810,0x1010,0x1060,0x1010,0x1010,0x0806,0x0000
   253 000007B9 10101006080000     
   254 000007C0 101010101010101010-     DW 0x1010,0x1010,0x1010,0x1010,0x1010,0x1010,0x1010,0x1010
   255 000007C9 10101010101010     
   256 000007D0 600008100808060808-     DW 0x0060,0x1008,0x0808,0x0806,0x0808,0x0808,0x1060,0x0000
   257 000007D9 08080860100000     
   258 000007E0 7200008C0000000000-     DW 0x0072,0x8c00,0x0000,0x0000,0x0000,0x0000,0x0000,0x0000
   259 000007E9 00000000000000     
   260 000007F0 000000002810824482-     DW 0x0000,0x0000,0x1028,0x4482,0xfe82,0xfe00,0x0000,0x0000
   261 000007F9 FE00FE00000000     
   262 00000800 380082448080808080-     DW 0x0038,0x4482,0x8080,0x8080,0x8080,0x8082,0x4438,0x1020
   263 00000809 80828038442010     
   264 00000810 000024248200828282-     DW 0x0000,0x2424,0x0082,0x8282,0x8282,0x8282,0x423e,0x0000
   265 00000819 8282823E420000     
   266 00000820 080C001038008244FE-     DW 0x0c08,0x1000,0x0038,0x4482,0x82fe,0x8082,0x4438,0x0000
   267 00000829 82828038440000     
   268 00000830 100044287800040444-     DW 0x0010,0x2844,0x0078,0x0404,0x3c44,0x8484,0x443e,0x0000
   269 00000839 3C84843E440000     
   270 00000840 000024247800040444-     DW 0x0000,0x2424,0x0078,0x0404,0x3c44,0x8484,0x443e,0x0000
   271 00000849 3C84843E440000     
   272 00000850 081000047800040444-     DW 0x1008,0x0400,0x0078,0x0404,0x3c44,0x8484,0x443e,0x0000
   273 00000859 3C84843E440000     
   274 00000860 180018247800040444-     DW 0x0018,0x2418,0x0078,0x0404,0x3c44,0x8484,0x443e,0x0000
   275 00000869 3C84843E440000     
   276 00000870 000000003C00804280-     DW 0x0000,0x0000,0x003c,0x4280,0x8080,0x8080,0x423c,0x0810
   277 00000879 8080803C421008     
   278 00000880 1000442838008244FE-     DW 0x0010,0x2844,0x0038,0x4482,0x82fe,0x8082,0x4438,0x0000
   279 00000889 82828038440000     
   280 00000890 0000242438008244FE-     DW 0x0000,0x2424,0x0038,0x4482,0x82fe,0x8082,0x4438,0x0000
   281 00000899 82828038440000     
   282 000008A0 0810000438008244FE-     DW 0x1008,0x0400,0x0038,0x4482,0x82fe,0x8082,0x4438,0x0000
   283 000008A9 82828038440000     
   284 000008B0 000024241000101010-     DW 0x0000,0x2424,0x0010,0x1010,0x1010,0x1010,0x1010,0x0000
   285 000008B9 10101010100000     
   286 000008C0 100044281000101010-     DW 0x0010,0x2844,0x0010,0x1010,0x1010,0x1010,0x1010,0x0000
   287 000008C9 10101010100000     
   288 000008D0 081000041000101010-     DW 0x1008,0x0400,0x0010,0x1010,0x1010,0x1010,0x1010,0x0000
   289 000008D9 10101010100000     
   290 000008E0 2424380082448282FE-     DW 0x2424,0x0038,0x4482,0x8282,0x82fe,0x8282,0x8282,0x0000
   291 000008E9 82828282820000     
   292 000008F0 3800384482448282FE-     DW 0x0038,0x4438,0x4482,0x8282,0x82fe,0x8282,0x8282,0x0000
   293 000008F9 82828282820000     
   294 00000900 080CFE108080808080-     DW 0x0c08,0x10fe,0x8080,0x8080,0xf880,0x8080,0x80fe,0x0000
   295 00000909 F88080FE800000     
   296 00000910 000000006000121C9E-     DW 0x0000,0x0000,0x0060,0x1c12,0x729e,0x9090,0x926c,0x0000
   297 00000919 7290906C920000     
   298 00000920 100C2820282828FE28-     DW 0x0c10,0x2028,0x2828,0xfe28,0x2828,0x2828,0x2828,0x0000
   299 00000929 28282828280000     
   300 00000930 100044283800824482-     DW 0x0010,0x2844,0x0038,0x4482,0x8282,0x8282,0x4438,0x0000
   301 00000939 82828238440000     
   302 00000940 000024243800824482-     DW 0x0000,0x2424,0x0038,0x4482,0x8282,0x8282,0x4438,0x0000
   303 00000949 82828238440000     
   304 00000950 081000043800824482-     DW 0x1008,0x0400,0x0038,0x4482,0x8282,0x8282,0x4438,0x0000
   305 00000959 82828238440000     
   306 00000960 100044288200828282-     DW 0x0010,0x2844,0x0082,0x8282,0x8282,0x8282,0x423e,0x0000
   307 00000969 8282823E420000     
   308 00000970 081000048200828282-     DW 0x1008,0x0400,0x0082,0x8282,0x8282,0x8282,0x423e,0x0000
   309 00000979 8282823E420000     
   310 00000980 000024248200448228-     DW 0x0000,0x2424,0x0082,0x8244,0x4428,0x2810,0x1020,0x2040
   311 00000989 44102820104020     
   312 00000990 242438008244828282-     DW 0x2424,0x0038,0x4482,0x8282,0x8282,0x8282,0x4438,0x0000
   313 00000999 82828238440000     
   314 000009A0 242482008282828282-     DW 0x2424,0x0082,0x8282,0x8282,0x8282,0x8282,0x4438,0x0000
   315 000009A9 82828238440000     
   316 000009B0 280028286A3CA8A8A8-     DW 0x0028,0x2828,0x3c6a,0xa8a8,0xa8a8,0xa86a,0x3c28,0x2828
   317 000009B9 A86AA8283C2828     
   318 000009C0 0C002012202020FC20-     DW 0x000c,0x1220,0x2020,0xfc20,0x2020,0x60a0,0xb24c,0x0000
   319 000009C9 20A0604CB20000     
   320 000009D0 82004482102810FEFE-     DW 0x0082,0x8244,0x2810,0xfe10,0x10fe,0x1010,0x1010,0x0000
   321 000009D9 10101010100000     
   322 000009E0 E00088908888E49484-     DW 0x00e0,0x9088,0x8888,0x94e4,0x9f84,0x8484,0x8484,0x0000
   323 000009E9 9F848484840000     
   324 000009F0 0C001012101010FE10-     DW 0x000c,0x1210,0x1010,0xfe10,0x1010,0x1010,0x9060,0x0000
   325 000009F9 10101060900000     
   326 00000A00 080C00107800040444-     DW 0x0c08,0x1000,0x0078,0x0404,0x3c44,0x8484,0x443e,0x0000
   327 00000A09 3C84843E440000     
   328 00000A10 080C00101000101010-     DW 0x0c08,0x1000,0x0010,0x1010,0x1010,0x1010,0x1010,0x0000
   329 00000A19 10101010100000     
   330 00000A20 080C00103800824482-     DW 0x0c08,0x1000,0x0038,0x4482,0x8282,0x8282,0x4438,0x0000
   331 00000A29 82828238440000     
   332 00000A30 080C00108200828282-     DW 0x0c08,0x1000,0x0082,0x8282,0x8282,0x8282,0x423e,0x0000
   333 00000A39 8282823E420000     
   334 00000A40 1200242AF800828482-     DW 0x0012,0x2a24,0x00f8,0x8482,0x8282,0x8282,0x8282,0x0000
   335 00000A49 82828282820000     
   336 00000A50 2A120024C282A2C292-     DW 0x122a,0x2400,0x82c2,0xc2a2,0x9292,0x8a86,0x8682,0x0000
   337 00000A59 92868A82860000     
   338 00000A60 000078000404443C84-     DW 0x0000,0x0078,0x0404,0x3c44,0x8484,0x443e,0x00fe,0x0000
   339 00000A69 843E44FE000000     
   340 00000A70 000038008244828282-     DW 0x0000,0x0038,0x4482,0x8282,0x8282,0x4438,0x00fe,0x0000
   341 00000A79 823844FE000000     
   342 00000A80 100000101000201082-     DW 0x0010,0x1000,0x0010,0x1020,0x4482,0x8282,0x4438,0x0000
   343 00000A89 44828238440000     
   344 00000A90 000000000000000000-     DW 0x0000,0x0000,0x0000,0x0000,0x0000,0xfe80,0x8080,0x0000
   345 00000A99 0080FE80800000     
   346 00000AA0 000000000000000000-     DW 0x0000,0x0000,0x0000,0x0000,0x0000,0xfe02,0x0202,0x0000
   347 00000AA9 0002FE02020000     
   348 00000AB0 100010301010FE0078-     DW 0x0010,0x3010,0x1010,0x00fe,0x0078,0x0438,0x407c,0x0000
   349 00000AB9 0038047C400000     
   350 00000AC0 100010301010FE0018-     DW 0x0010,0x3010,0x1010,0x00fe,0x0018,0x2848,0x7c08,0x0000
   351 00000AC9 004828087C0000     
   352 00000AD0 100000101000101010-     DW 0x0010,0x1000,0x0010,0x1010,0x1010,0x1010,0x1010,0x0000
   353 00000AD9 10101010100000     
   354 00000AE0 000000002412904848-     DW 0x0000,0x0000,0x1224,0x4890,0x9048,0x2412,0x0000,0x0000
   355 00000AE9 90122400000000     
   356 00000AF0 000000004890122424-     DW 0x0000,0x0000,0x9048,0x2412,0x1224,0x4890,0x0000,0x0000
   357 00000AF9 12904800000000     
   358 00000B00 441144114411441144-     DW 0x1144,0x1144,0x1144,0x1144,0x1144,0x1144,0x1144,0x1144
   359 00000B09 11441144114411     
   360 00000B10 AA55AA55AA55AA55AA-     DW 0x55aa,0x55aa,0x55aa,0x55aa,0x55aa,0x55aa,0x55aa,0x55aa
   361 00000B19 55AA55AA55AA55     
   362 00000B20 DD77DD77DD77DD77DD-     DW 0x77dd,0x77dd,0x77dd,0x77dd,0x77dd,0x77dd,0x77dd,0x77dd
   363 00000B29 77DD77DD77DD77     
   364 00000B30 101010101010101010-     DW 0x1010,0x1010,0x1010,0x1010,0x1010,0x1010,0x1010,0x1010
   365 00000B39 10101010101010     
   366 00000B40 101010101010F01010-     DW 0x1010,0x1010,0x1010,0x10f0,0x1010,0x1010,0x1010,0x1010
   367 00000B49 10101010101010     
   368 00000B50 101010101010F010F0-     DW 0x1010,0x1010,0x1010,0x10f0,0x10f0,0x1010,0x1010,0x1010
   369 00000B59 10101010101010     
   370 00000B60 141414141414F41414-     DW 0x1414,0x1414,0x1414,0x14f4,0x1414,0x1414,0x1414,0x1414
   371 00000B69 14141414141414     
   372 00000B70 000000000000FC0014-     DW 0x0000,0x0000,0x0000,0x00fc,0x1414,0x1414,0x1414,0x1414
   373 00000B79 14141414141414     
   374 00000B80 000000000000F000F0-     DW 0x0000,0x0000,0x0000,0x00f0,0x10f0,0x1010,0x1010,0x1010
   375 00000B89 10101010101010     
   376 00000B90 141414141414F414F4-     DW 0x1414,0x1414,0x1414,0x14f4,0x04f4,0x1414,0x1414,0x1414
   377 00000B99 04141414141414     
   378 00000BA0 141414141414141414-     DW 0x1414,0x1414,0x1414,0x1414,0x1414,0x1414,0x1414,0x1414
   379 00000BA9 14141414141414     
   380 00000BB0 000000000000FC00F4-     DW 0x0000,0x0000,0x0000,0x00fc,0x04f4,0x1414,0x1414,0x1414
   381 00000BB9 04141414141414     
   382 00000BC0 141414141414F414FC-     DW 0x1414,0x1414,0x1414,0x14f4,0x04fc,0x0000,0x0000,0x0000
   383 00000BC9 04000000000000     
   384 00000BD0 141414141414FC1400-     DW 0x1414,0x1414,0x1414,0x14fc,0x0000,0x0000,0x0000,0x0000
   385 00000BD9 00000000000000     
   386 00000BE0 101010101010F010F0-     DW 0x1010,0x1010,0x1010,0x10f0,0x10f0,0x0000,0x0000,0x0000
   387 00000BE9 10000000000000     
   388 00000BF0 000000000000F00010-     DW 0x0000,0x0000,0x0000,0x00f0,0x1010,0x1010,0x1010,0x1010
   389 00000BF9 10101010101010     
   390 00000C00 1010101010101F1000-     DW 0x1010,0x1010,0x1010,0x101f,0x0000,0x0000,0x0000,0x0000
   391 00000C09 00000000000000     
   392 00000C10 101010101010FF1000-     DW 0x1010,0x1010,0x1010,0x10ff,0x0000,0x0000,0x0000,0x0000
   393 00000C19 00000000000000     
   394 00000C20 000000000000FF0010-     DW 0x0000,0x0000,0x0000,0x00ff,0x1010,0x1010,0x1010,0x1010
   395 00000C29 10101010101010     
   396 00000C30 1010101010101F1010-     DW 0x1010,0x1010,0x1010,0x101f,0x1010,0x1010,0x1010,0x1010
   397 00000C39 10101010101010     
   398 00000C40 000000000000FF0000-     DW 0x0000,0x0000,0x0000,0x00ff,0x0000,0x0000,0x0000,0x0000
   399 00000C49 00000000000000     
   400 00000C50 101010101010FF1010-     DW 0x1010,0x1010,0x1010,0x10ff,0x1010,0x1010,0x1010,0x1010
   401 00000C59 10101010101010     
   402 00000C60 1010101010101F101F-     DW 0x1010,0x1010,0x1010,0x101f,0x101f,0x1010,0x1010,0x1010
   403 00000C69 10101010101010     
   404 00000C70 141414141414171414-     DW 0x1414,0x1414,0x1414,0x1417,0x1414,0x1414,0x1414,0x1414
   405 00000C79 14141414141414     
   406 00000C80 14141414141417141F-     DW 0x1414,0x1414,0x1414,0x1417,0x101f,0x0000,0x0000,0x0000
   407 00000C89 10000000000000     
   408 00000C90 0000000000001F0017-     DW 0x0000,0x0000,0x0000,0x001f,0x1017,0x1414,0x1414,0x1414
   409 00000C99 10141414141414     
   410 00000CA0 141414141414F714FF-     DW 0x1414,0x1414,0x1414,0x14f7,0x00ff,0x0000,0x0000,0x0000
   411 00000CA9 00000000000000     
   412 00000CB0 000000000000FF00F7-     DW 0x0000,0x0000,0x0000,0x00ff,0x00f7,0x1414,0x1414,0x1414
   413 00000CB9 00141414141414     
   414 00000CC0 141414141414171417-     DW 0x1414,0x1414,0x1414,0x1417,0x1017,0x1414,0x1414,0x1414
   415 00000CC9 10141414141414     
   416 00000CD0 000000000000FF00FF-     DW 0x0000,0x0000,0x0000,0x00ff,0x00ff,0x0000,0x0000,0x0000
   417 00000CD9 00000000000000     
   418 00000CE0 141414141414F714F7-     DW 0x1414,0x1414,0x1414,0x14f7,0x00f7,0x1414,0x1414,0x1414
   419 00000CE9 00141414141414     
   420 00000CF0 101010101010FF10FF-     DW 0x1010,0x1010,0x1010,0x10ff,0x00ff,0x0000,0x0000,0x0000
   421 00000CF9 00000000000000     
   422 00000D00 141414141414FF1400-     DW 0x1414,0x1414,0x1414,0x14ff,0x0000,0x0000,0x0000,0x0000
   423 00000D09 00000000000000     
   424 00000D10 000000000000FF00FF-     DW 0x0000,0x0000,0x0000,0x00ff,0x00ff,0x1010,0x1010,0x1010
   425 00000D19 00101010101010     
   426 00000D20 000000000000FF0014-     DW 0x0000,0x0000,0x0000,0x00ff,0x1414,0x1414,0x1414,0x1414
   427 00000D29 14141414141414     
   428 00000D30 1414141414141F1400-     DW 0x1414,0x1414,0x1414,0x141f,0x0000,0x0000,0x0000,0x0000
   429 00000D39 00000000000000     
   430 00000D40 1010101010101F101F-     DW 0x1010,0x1010,0x1010,0x101f,0x101f,0x0000,0x0000,0x0000
   431 00000D49 10000000000000     
   432 00000D50 0000000000001F001F-     DW 0x0000,0x0000,0x0000,0x001f,0x101f,0x1010,0x1010,0x1010
   433 00000D59 10101010101010     
   434 00000D60 0000000000001F0014-     DW 0x0000,0x0000,0x0000,0x001f,0x1414,0x1414,0x1414,0x1414
   435 00000D69 14141414141414     
   436 00000D70 141414141414F71414-     DW 0x1414,0x1414,0x1414,0x14f7,0x1414,0x1414,0x1414,0x1414
   437 00000D79 14141414141414     
   438 00000D80 101010101010FF10FF-     DW 0x1010,0x1010,0x1010,0x10ff,0x10ff,0x1010,0x1010,0x1010
   439 00000D89 10101010101010     
   440 00000D90 101010101010F01000-     DW 0x1010,0x1010,0x1010,0x10f0,0x0000,0x0000,0x0000,0x0000
   441 00000D99 00000000000000     
   442 00000DA0 0000000000001F0010-     DW 0x0000,0x0000,0x0000,0x001f,0x1010,0x1010,0x1010,0x1010
   443 00000DA9 10101010101010     
   444 00000DB0 FFFFFFFFFFFFFFFFFF-     DW 0xffff,0xffff,0xffff,0xffff,0xffff,0xffff,0xffff,0xffff
   445 00000DB9 FFFFFFFFFFFFFF     
   446 00000DC0 0000000000000000FF-     DW 0x0000,0x0000,0x0000,0x0000,0xffff,0xffff,0xffff,0xffff
   447 00000DC9 FFFFFFFFFFFFFF     
   448 00000DD0 F0F0F0F0F0F0F0F0F0-     DW 0xf0f0,0xf0f0,0xf0f0,0xf0f0,0xf0f0,0xf0f0,0xf0f0,0xf0f0
   449 00000DD9 F0F0F0F0F0F0F0     
   450 00000DE0 0F0F0F0F0F0F0F0F0F-     DW 0x0f0f,0x0f0f,0x0f0f,0x0f0f,0x0f0f,0x0f0f,0x0f0f,0x0f0f
   451 00000DE9 0F0F0F0F0F0F0F     
   452 00000DF0 FFFFFFFFFFFFFFFF00-     DW 0xffff,0xffff,0xffff,0xffff,0x0000,0x0000,0x0000,0x0000
   453 00000DF9 00000000000000     
   454 00000E00 000000000000000000-     DW 0x0000,0x0000,0x0000,0x0000,0x0000,0x0000,0x0000,0x0000
   455 00000E09 00000000000000     
   456 00000E10 000000000000000000-     DW 0x0000,0x0000,0x0000,0x0000,0x0000,0x0000,0x0000,0x0000
   457 00000E19 00000000000000     
   458 00000E20 000000000000000000-     DW 0x0000,0x0000,0x0000,0x0000,0x0000,0x0000,0x0000,0x0000
   459 00000E29 00000000000000     
   460 00000E30 000000000000000000-     DW 0x0000,0x0000,0x0000,0x0000,0x0000,0x0000,0x0000,0x0000
   461 00000E39 00000000000000     
   462 00000E40 000000000000000000-     DW 0x0000,0x0000,0x0000,0x0000,0x0000,0x0000,0x0000,0x0000
   463 00000E49 00000000000000     
   464 00000E50 000000000000000000-     DW 0x0000,0x0000,0x0000,0x0000,0x0000,0x0000,0x0000,0x0000
   465 00000E59 00000000000000     
   466 00000E60 000000000000000000-     DW 0x0000,0x0000,0x0000,0x0000,0x0000,0x0000,0x0000,0x0000
   467 00000E69 00000000000000     
   468 00000E70 000000000000000000-     DW 0x0000,0x0000,0x0000,0x0000,0x0000,0x0000,0x0000,0x0000
   469 00000E79 00000000000000     
   470 00000E80 000000000000000000-     DW 0x0000,0x0000,0x0000,0x0000,0x0000,0x0000,0x0000,0x0000
   471 00000E89 00000000000000     
   472 00000E90 000000000000000000-     DW 0x0000,0x0000,0x0000,0x0000,0x0000,0x0000,0x0000,0x0000
   473 00000E99 00000000000000     
   474 00000EA0 000000000000000000-     DW 0x0000,0x0000,0x0000,0x0000,0x0000,0x0000,0x0000,0x0000
   475 00000EA9 00000000000000     
   476 00000EB0 000000000000000000-     DW 0x0000,0x0000,0x0000,0x0000,0x0000,0x0000,0x0000,0x0000
   477 00000EB9 00000000000000     
   478 00000EC0 000000000000000000-     DW 0x0000,0x0000,0x0000,0x0000,0x0000,0x0000,0x0000,0x0000
   479 00000EC9 00000000000000     
   480 00000ED0 000000000000000000-     DW 0x0000,0x0000,0x0000,0x0000,0x0000,0x0000,0x0000,0x0000
   481 00000ED9 00000000000000     
   482 00000EE0 000000000000000000-     DW 0x0000,0x0000,0x0000,0x0000,0x0000,0x0000,0x0000,0x0000
   483 00000EE9 00000000000000     
   484 00000EF0 000000000000000000-     DW 0x0000,0x0000,0x0000,0x0000,0x0000,0x0000,0x0000,0x0000
   485 00000EF9 00000000000000     
   486 00000F00 000000000000000000-     DW 0x0000,0x0000,0x0000,0x0000,0x0000,0x0000,0x0000,0x0000
   487 00000F09 00000000000000     
   488 00000F10 000000000000000000-     DW 0x0000,0x0000,0x0000,0x0000,0x0000,0x0000,0x0000,0x0000
   489 00000F19 00000000000000     
   490 00000F20 000000000000000000-     DW 0x0000,0x0000,0x0000,0x0000,0x0000,0x0000,0x0000,0x0000
   491 00000F29 00000000000000     
   492 00000F30 000000000000000000-     DW 0x0000,0x0000,0x0000,0x0000,0x0000,0x0000,0x0000,0x0000
   493 00000F39 00000000000000     
   494 00000F40 000000000000000000-     DW 0x0000,0x0000,0x0000,0x0000,0x0000,0x0000,0x0000,0x0000
   495 00000F49 00000000000000     
   496 00000F50 000000000000000000-     DW 0x0000,0x0000,0x0000,0x0000,0x0000,0x0000,0x0000,0x0000
   497 00000F59 00000000000000     
   498 00000F60 000000000000000000-     DW 0x0000,0x0000,0x0000,0x0000,0x0000,0x0000,0x0000,0x0000
   499 00000F69 00000000000000     
   500 00000F70 000000000000000000-     DW 0x0000,0x0000,0x0000,0x0000,0x0000,0x0000,0x0000,0x0000
   501 00000F79 00000000000000     
   502 00000F80 000000000000000000-     DW 0x0000,0x0000,0x0000,0x0000,0x0000,0x0000,0x0000,0x0000
   503 00000F89 00000000000000     
   504 00000F90 000000000000000000-     DW 0x0000,0x0000,0x0000,0x0000,0x0000,0x0000,0x0000,0x0000
   505 00000F99 00000000000000     
   506 00000FA0 000000000000000000-     DW 0x0000,0x0000,0x0000,0x0000,0x0000,0x0000,0x0000,0x0000
   507 00000FA9 00000000000000     
   508 00000FB0 000000000000000000-     DW 0x0000,0x0000,0x0000,0x0000,0x0000,0x0000,0x0000,0x0000
   509 00000FB9 00000000000000     
   510 00000FC0 000000000000000000-     DW 0x0000,0x0000,0x0000,0x0000,0x0000,0x0000,0x0000,0x0000
   511 00000FC9 00000000000000     
   512 00000FD0 000000000000000000-     DW 0x0000,0x0000,0x0000,0x0000,0x0000,0x0000,0x0000,0x0000
   513 00000FD9 00000000000000     
   514 00000FE0 000000000000000000-     DW 0x0000,0x0000,0x0000,0x0000,0x0000,0x0000,0x0000,0x0000
   515 00000FE9 00000000000000     
   516 00000FF0 000000000000000000-     DW 0x0000,0x0000,0x0000,0x0000,0x0000,0x0000,0x0000,0x0000
   517 00000FF9 00000000000000     
