     1 00000000                                 [FORMAT "WCOFF"]
     2 00000000                                 [INSTRSET "i486p"]
     3 00000000                                 [OPTIMIZE 1]
     4 00000000                                 [OPTION 1]
     5 00000000                                 [BITS 32]
     6 00000000                                 	EXTERN	_init_gdtidt
     7 00000000                                 	EXTERN	_init_pic
     8 00000000                                 	EXTERN	_io_sti
     9 00000000                                 	EXTERN	_fifo32_init
    10 00000000                                 	EXTERN	_init_pit
    11 00000000                                 	EXTERN	_init_keyboard
    12 00000000                                 	EXTERN	_enable_mouse
    13 00000000                                 	EXTERN	_io_out8
    14 00000000                                 	EXTERN	_memtest
    15 00000000                                 	EXTERN	_memman_init
    16 00000000                                 	EXTERN	_memman_free
    17 00000000                                 	EXTERN	_init_palette
    18 00000000                                 	EXTERN	_shtctl_init
    19 00000000                                 	EXTERN	_task_init
    20 00000000                                 	EXTERN	_task_run
    21 00000000                                 	EXTERN	_sheet_alloc
    22 00000000                                 	EXTERN	_memman_alloc_4k
    23 00000000                                 	EXTERN	_sheet_setbuf
    24 00000000                                 	EXTERN	_init_screen8
    25 00000000                                 	EXTERN	_init_mouse_cursor8
    26 00000000                                 	EXTERN	_sheet_slide
    27 00000000                                 	EXTERN	_sheet_updown
    28 00000000                                 	EXTERN	_fifo32_put
    29 00000000                                 	EXTERN	_Initial_ReadWrite
    30 00000000                                 	EXTERN	_fifo32_status
    31 00000000                                 	EXTERN	_io_cli
    32 00000000                                 	EXTERN	_fifo32_get
    33 00000000                                 	EXTERN	_taskctl
    34 00000000                                 	EXTERN	_mouse_decode
    35 00000000                                 	EXTERN	_cons_putstr0
    36 00000000                                 	EXTERN	_asm_end_app
    37 00000000                                 	EXTERN	_keytable0.0
    38 00000000                                 	EXTERN	_wait_KBC_sendready
    39 00000000                                 	EXTERN	_keytable1.1
    40 00000000                                 	EXTERN	_task_sleep
    41 00000000                                 	EXTERN	_change_wtitle8
    42 00000000                                 	EXTERN	_task_alloc
    43 00000000                                 	EXTERN	_console_task
    44 00000000                                 	EXTERN	_make_window8
    45 00000000                                 	EXTERN	_make_textbox8
    46 00000000                                 	EXTERN	_memman_free_4k
    47 00000000                                 	EXTERN	_sheet_free
    48 00000000                                 [FILE "bootpack.c"]
    49                                          [SECTION .data]
    50 00000000                                 _keytable0.0:
    51 00000000 00                              	DB	0
    52 00000001 00                              	DB	0
    53 00000002 31                              	DB	49
    54 00000003 32                              	DB	50
    55 00000004 33                              	DB	51
    56 00000005 34                              	DB	52
    57 00000006 35                              	DB	53
    58 00000007 36                              	DB	54
    59 00000008 37                              	DB	55
    60 00000009 38                              	DB	56
    61 0000000A 39                              	DB	57
    62 0000000B 30                              	DB	48
    63 0000000C 2D                              	DB	45
    64 0000000D 5E                              	DB	94
    65 0000000E 08                              	DB	8
    66 0000000F 00                              	DB	0
    67 00000010 51                              	DB	81
    68 00000011 57                              	DB	87
    69 00000012 45                              	DB	69
    70 00000013 52                              	DB	82
    71 00000014 54                              	DB	84
    72 00000015 59                              	DB	89
    73 00000016 55                              	DB	85
    74 00000017 49                              	DB	73
    75 00000018 4F                              	DB	79
    76 00000019 50                              	DB	80
    77 0000001A 40                              	DB	64
    78 0000001B 5B                              	DB	91
    79 0000001C 0A                              	DB	10
    80 0000001D 00                              	DB	0
    81 0000001E 41                              	DB	65
    82 0000001F 53                              	DB	83
    83 00000020 44                              	DB	68
    84 00000021 46                              	DB	70
    85 00000022 47                              	DB	71
    86 00000023 48                              	DB	72
    87 00000024 4A                              	DB	74
    88 00000025 4B                              	DB	75
    89 00000026 4C                              	DB	76
    90 00000027 3B                              	DB	59
    91 00000028 3A                              	DB	58
    92 00000029 00                              	DB	0
    93 0000002A 00                              	DB	0
    94 0000002B 5D                              	DB	93
    95 0000002C 5A                              	DB	90
    96 0000002D 58                              	DB	88
    97 0000002E 43                              	DB	67
    98 0000002F 56                              	DB	86
    99 00000030 42                              	DB	66
   100 00000031 4E                              	DB	78
   101 00000032 4D                              	DB	77
   102 00000033 2C                              	DB	44
   103 00000034 2E                              	DB	46
   104 00000035 2F                              	DB	47
   105 00000036 00                              	DB	0
   106 00000037 2A                              	DB	42
   107 00000038 00                              	DB	0
   108 00000039 20                              	DB	32
   109 0000003A 00                              	DB	0
   110 0000003B 00                              	DB	0
   111 0000003C 00                              	DB	0
   112 0000003D 00                              	DB	0
   113 0000003E 00                              	DB	0
   114 0000003F 00                              	DB	0
   115 00000040 00                              	DB	0
   116 00000041 00                              	DB	0
   117 00000042 00                              	DB	0
   118 00000043 00                              	DB	0
   119 00000044 00                              	DB	0
   120 00000045 00                              	DB	0
   121 00000046 00                              	DB	0
   122 00000047 37                              	DB	55
   123 00000048 38                              	DB	56
   124 00000049 39                              	DB	57
   125 0000004A 2D                              	DB	45
   126 0000004B 34                              	DB	52
   127 0000004C 35                              	DB	53
   128 0000004D 36                              	DB	54
   129 0000004E 2B                              	DB	43
   130 0000004F 31                              	DB	49
   131 00000050 32                              	DB	50
   132 00000051 33                              	DB	51
   133 00000052 30                              	DB	48
   134 00000053 2E                              	DB	46
   135 00000054 00                              	DB	0
   136 00000055 00                              	DB	0
   137 00000056 00                              	DB	0
   138 00000057 00                              	DB	0
   139 00000058 00                              	DB	0
   140 00000059 00                              	DB	0
   141 0000005A 00                              	DB	0
   142 0000005B 00                              	DB	0
   143 0000005C 00                              	DB	0
   144 0000005D 00                              	DB	0
   145 0000005E 00                              	DB	0
   146 0000005F 00                              	DB	0
   147 00000060 00                              	DB	0
   148 00000061 00                              	DB	0
   149 00000062 00                              	DB	0
   150 00000063 00                              	DB	0
   151 00000064 00                              	DB	0
   152 00000065 00                              	DB	0
   153 00000066 00                              	DB	0
   154 00000067 00                              	DB	0
   155 00000068 00                              	DB	0
   156 00000069 00                              	DB	0
   157 0000006A 00                              	DB	0
   158 0000006B 00                              	DB	0
   159 0000006C 00                              	DB	0
   160 0000006D 00                              	DB	0
   161 0000006E 00                              	DB	0
   162 0000006F 00                              	DB	0
   163 00000070 00                              	DB	0
   164 00000071 00                              	DB	0
   165 00000072 00                              	DB	0
   166 00000073 5C                              	DB	92
   167 00000074 00                              	DB	0
   168 00000075 00                              	DB	0
   169 00000076 00                              	DB	0
   170 00000077 00                              	DB	0
   171 00000078 00                              	DB	0
   172 00000079 00                              	DB	0
   173 0000007A 00                              	DB	0
   174 0000007B 00                              	DB	0
   175 0000007C 00                              	DB	0
   176 0000007D 5C                              	DB	92
   177 0000007E 00                              	DB	0
   178 0000007F 00                              	DB	0
   179 00000080                                 _keytable1.1:
   180 00000080 00                              	DB	0
   181 00000081 00                              	DB	0
   182 00000082 21                              	DB	33
   183 00000083 22                              	DB	34
   184 00000084 23                              	DB	35
   185 00000085 24                              	DB	36
   186 00000086 25                              	DB	37
   187 00000087 26                              	DB	38
   188 00000088 27                              	DB	39
   189 00000089 28                              	DB	40
   190 0000008A 29                              	DB	41
   191 0000008B 7E                              	DB	126
   192 0000008C 3D                              	DB	61
   193 0000008D 7E                              	DB	126
   194 0000008E 08                              	DB	8
   195 0000008F 00                              	DB	0
   196 00000090 51                              	DB	81
   197 00000091 57                              	DB	87
   198 00000092 45                              	DB	69
   199 00000093 52                              	DB	82
   200 00000094 54                              	DB	84
   201 00000095 59                              	DB	89
   202 00000096 55                              	DB	85
   203 00000097 49                              	DB	73
   204 00000098 4F                              	DB	79
   205 00000099 50                              	DB	80
   206 0000009A 60                              	DB	96
   207 0000009B 7B                              	DB	123
   208 0000009C 0A                              	DB	10
   209 0000009D 00                              	DB	0
   210 0000009E 41                              	DB	65
   211 0000009F 53                              	DB	83
   212 000000A0 44                              	DB	68
   213 000000A1 46                              	DB	70
   214 000000A2 47                              	DB	71
   215 000000A3 48                              	DB	72
   216 000000A4 4A                              	DB	74
   217 000000A5 4B                              	DB	75
   218 000000A6 4C                              	DB	76
   219 000000A7 2B                              	DB	43
   220 000000A8 2A                              	DB	42
   221 000000A9 00                              	DB	0
   222 000000AA 00                              	DB	0
   223 000000AB 7D                              	DB	125
   224 000000AC 5A                              	DB	90
   225 000000AD 58                              	DB	88
   226 000000AE 43                              	DB	67
   227 000000AF 56                              	DB	86
   228 000000B0 42                              	DB	66
   229 000000B1 4E                              	DB	78
   230 000000B2 4D                              	DB	77
   231 000000B3 3C                              	DB	60
   232 000000B4 3E                              	DB	62
   233 000000B5 3F                              	DB	63
   234 000000B6 00                              	DB	0
   235 000000B7 2A                              	DB	42
   236 000000B8 00                              	DB	0
   237 000000B9 20                              	DB	32
   238 000000BA 00                              	DB	0
   239 000000BB 00                              	DB	0
   240 000000BC 00                              	DB	0
   241 000000BD 00                              	DB	0
   242 000000BE 00                              	DB	0
   243 000000BF 00                              	DB	0
   244 000000C0 00                              	DB	0
   245 000000C1 00                              	DB	0
   246 000000C2 00                              	DB	0
   247 000000C3 00                              	DB	0
   248 000000C4 00                              	DB	0
   249 000000C5 00                              	DB	0
   250 000000C6 00                              	DB	0
   251 000000C7 37                              	DB	55
   252 000000C8 38                              	DB	56
   253 000000C9 39                              	DB	57
   254 000000CA 2D                              	DB	45
   255 000000CB 34                              	DB	52
   256 000000CC 35                              	DB	53
   257 000000CD 36                              	DB	54
   258 000000CE 2B                              	DB	43
   259 000000CF 31                              	DB	49
   260 000000D0 32                              	DB	50
   261 000000D1 33                              	DB	51
   262 000000D2 30                              	DB	48
   263 000000D3 2E                              	DB	46
   264 000000D4 00                              	DB	0
   265 000000D5 00                              	DB	0
   266 000000D6 00                              	DB	0
   267 000000D7 00                              	DB	0
   268 000000D8 00                              	DB	0
   269 000000D9 00                              	DB	0
   270 000000DA 00                              	DB	0
   271 000000DB 00                              	DB	0
   272 000000DC 00                              	DB	0
   273 000000DD 00                              	DB	0
   274 000000DE 00                              	DB	0
   275 000000DF 00                              	DB	0
   276 000000E0 00                              	DB	0
   277 000000E1 00                              	DB	0
   278 000000E2 00                              	DB	0
   279 000000E3 00                              	DB	0
   280 000000E4 00                              	DB	0
   281 000000E5 00                              	DB	0
   282 000000E6 00                              	DB	0
   283 000000E7 00                              	DB	0
   284 000000E8 00                              	DB	0
   285 000000E9 00                              	DB	0
   286 000000EA 00                              	DB	0
   287 000000EB 00                              	DB	0
   288 000000EC 00                              	DB	0
   289 000000ED 00                              	DB	0
   290 000000EE 00                              	DB	0
   291 000000EF 00                              	DB	0
   292 000000F0 00                              	DB	0
   293 000000F1 00                              	DB	0
   294 000000F2 00                              	DB	0
   295 000000F3 5F                              	DB	95
   296 000000F4 00                              	DB	0
   297 000000F5 00                              	DB	0
   298 000000F6 00                              	DB	0
   299 000000F7 00                              	DB	0
   300 000000F8 00                              	DB	0
   301 000000F9 00                              	DB	0
   302 000000FA 00                              	DB	0
   303 000000FB 00                              	DB	0
   304 000000FC 00                              	DB	0
   305 000000FD 7C                              	DB	124
   306 000000FE 00                              	DB	0
   307 000000FF 00                              	DB	0
   308 00000100                                 LC1:
   309 00000100 0A 42 72 65 61 6B 28 6D 6F 75   	DB	0x0A,"Break(mouse) :",0x0A,0x00
       0000010A 73 65 29 20 3A 0A 00 
   310 00000111                                 LC0:
   311 00000111 0A 42 72 65 61 6B 28 6B 65 79   	DB	0x0A,"Break(key) :",0x0A,0x00
       0000011B 29 20 3A 0A 00 
   312                                          [SECTION .text]
   313 00000000                                 	GLOBAL	_HariMain
   314 00000000                                 _HariMain:
   315 00000000 55                              	PUSH	EBP
   316 00000001 89 E5                           	MOV	EBP,ESP
   317 00000003 57                              	PUSH	EDI
   318 00000004 56                              	PUSH	ESI
   319 00000005 53                              	PUSH	EBX
   320 00000006 8D 5D A4                        	LEA	EBX,DWORD [-92+EBP]
   321 00000009 81 EC 00000458                  	SUB	ESP,1112
   322 0000000F C7 85 FFFFFBE4 FFFFFFFF         	MOV	DWORD [-1052+EBP],-1
   323 00000019 C7 85 FFFFFBE0 00000000         	MOV	DWORD [-1056+EBP],0
   324 00000023 C7 85 FFFFFBDC 7FFFFFFF         	MOV	DWORD [-1060+EBP],2147483647
   325 0000002D C7 85 FFFFFBD8 00000000         	MOV	DWORD [-1064+EBP],0
   326 00000037 C7 85 FFFFFBC8 00000000         	MOV	DWORD [-1080+EBP],0
   327 00000041 A0 00000FF1                     	MOV	AL,BYTE [4081]
   328 00000046 C0 F8 04                        	SAR	AL,4
   329 00000049 89 C2                           	MOV	EDX,EAX
   330 0000004B 83 E2 07                        	AND	EDX,7
   331 0000004E 89 95 FFFFFBC4                  	MOV	DWORD [-1084+EBP],EDX
   332 00000054 C7 85 FFFFFBC0 FFFFFFFF         	MOV	DWORD [-1088+EBP],-1
   333 0000005E C7 85 FFFFFBBC FFFFFFFF         	MOV	DWORD [-1092+EBP],-1
   334 00000068 C7 85 FFFFFBB8 FFFFFFFF         	MOV	DWORD [-1096+EBP],-1
   335 00000072 C7 85 FFFFFBB4 00000000         	MOV	DWORD [-1100+EBP],0
   336 0000007C C7 85 FFFFFBB0 00000000         	MOV	DWORD [-1104+EBP],0
   337 00000086 E8 [00000000]                   	CALL	_init_gdtidt
   338 0000008B E8 [00000000]                   	CALL	_init_pic
   339 00000090 E8 [00000000]                   	CALL	_io_sti
   340 00000095 8D 85 FFFFFD84                  	LEA	EAX,DWORD [-636+EBP]
   341 0000009B 6A 00                           	PUSH	0
   342 0000009D 50                              	PUSH	EAX
   343 0000009E 68 00000080                     	PUSH	128
   344 000000A3 53                              	PUSH	EBX
   345 000000A4 E8 [00000000]                   	CALL	_fifo32_init
   346 000000A9 89 1D 00000FEC                  	MOV	DWORD [4076],EBX
   347 000000AF E8 [00000000]                   	CALL	_init_pit
   348 000000B4 68 00000100                     	PUSH	256
   349 000000B9 53                              	PUSH	EBX
   350 000000BA E8 [00000000]                   	CALL	_init_keyboard
   351 000000BF 8D 85 FFFFFCF4                  	LEA	EAX,DWORD [-780+EBP]
   352 000000C5 50                              	PUSH	EAX
   353 000000C6 68 00000200                     	PUSH	512
   354 000000CB 53                              	PUSH	EBX
   355 000000CC E8 [00000000]                   	CALL	_enable_mouse
   356 000000D1 83 C4 24                        	ADD	ESP,36
   357 000000D4 68 000000F8                     	PUSH	248
   358 000000D9 6A 21                           	PUSH	33
   359 000000DB E8 [00000000]                   	CALL	_io_out8
   360 000000E0 68 000000EF                     	PUSH	239
   361 000000E5 68 000000A1                     	PUSH	161
   362 000000EA E8 [00000000]                   	CALL	_io_out8
   363 000000EF 8D 85 FFFFFD04                  	LEA	EAX,DWORD [-764+EBP]
   364 000000F5 6A 00                           	PUSH	0
   365 000000F7 50                              	PUSH	EAX
   366 000000F8 8D 45 84                        	LEA	EAX,DWORD [-124+EBP]
   367 000000FB 6A 20                           	PUSH	32
   368 000000FD 50                              	PUSH	EAX
   369 000000FE E8 [00000000]                   	CALL	_fifo32_init
   370 00000103 83 C4 20                        	ADD	ESP,32
   371 00000106 68 BFFFFFFF                     	PUSH	-1073741825
   372 0000010B 68 00400000                     	PUSH	4194304
   373 00000110 E8 [00000000]                   	CALL	_memtest
   374 00000115 68 003C0000                     	PUSH	3932160
   375 0000011A 89 85 FFFFFBD4                  	MOV	DWORD [-1068+EBP],EAX
   376 00000120 E8 [00000000]                   	CALL	_memman_init
   377 00000125 68 0009E000                     	PUSH	647168
   378 0000012A 68 00001000                     	PUSH	4096
   379 0000012F 68 003C0000                     	PUSH	3932160
   380 00000134 E8 [00000000]                   	CALL	_memman_free
   381 00000139 8B 85 FFFFFBD4                  	MOV	EAX,DWORD [-1068+EBP]
   382 0000013F 2D 00400000                     	SUB	EAX,4194304
   383 00000144 50                              	PUSH	EAX
   384 00000145 68 00400000                     	PUSH	4194304
   385 0000014A 68 003C0000                     	PUSH	3932160
   386 0000014F E8 [00000000]                   	CALL	_memman_free
   387 00000154 83 C4 24                        	ADD	ESP,36
   388 00000157 E8 [00000000]                   	CALL	_init_palette
   389 0000015C 0F BF 05 00000FF6               	MOVSX	EAX,WORD [4086]
   390 00000163 50                              	PUSH	EAX
   391 00000164 0F BF 05 00000FF4               	MOVSX	EAX,WORD [4084]
   392 0000016B 50                              	PUSH	EAX
   393 0000016C FF 35 00000FF8                  	PUSH	DWORD [4088]
   394 00000172 68 003C0000                     	PUSH	3932160
   395 00000177 E8 [00000000]                   	CALL	_shtctl_init
   396 0000017C 68 003C0000                     	PUSH	3932160
   397 00000181 89 85 FFFFFBF0                  	MOV	DWORD [-1040+EBP],EAX
   398 00000187 E8 [00000000]                   	CALL	_task_init
   399 0000018C 6A 02                           	PUSH	2
   400 0000018E 6A 01                           	PUSH	1
   401 00000190 89 85 FFFFFBCC                  	MOV	DWORD [-1076+EBP],EAX
   402 00000196 50                              	PUSH	EAX
   403 00000197 89 45 BC                        	MOV	DWORD [-68+EBP],EAX
   404 0000019A E8 [00000000]                   	CALL	_task_run
   405 0000019F 83 C4 20                        	ADD	ESP,32
   406 000001A2 8B 95 FFFFFBF0                  	MOV	EDX,DWORD [-1040+EBP]
   407 000001A8 89 15 00000FE4                  	MOV	DWORD [4068],EDX
   408 000001AE 52                              	PUSH	EDX
   409 000001AF E8 [00000000]                   	CALL	_sheet_alloc
   410 000001B4 89 C6                           	MOV	ESI,EAX
   411 000001B6 0F BF 15 00000FF6               	MOVSX	EDX,WORD [4086]
   412 000001BD 0F BF 05 00000FF4               	MOVSX	EAX,WORD [4084]
   413 000001C4 0F AF C2                        	IMUL	EAX,EDX
   414 000001C7 50                              	PUSH	EAX
   415 000001C8 68 003C0000                     	PUSH	3932160
   416 000001CD E8 [00000000]                   	CALL	_memman_alloc_4k
   417 000001D2 6A FF                           	PUSH	-1
   418 000001D4 89 C3                           	MOV	EBX,EAX
   419 000001D6 0F BF 05 00000FF6               	MOVSX	EAX,WORD [4086]
   420 000001DD 50                              	PUSH	EAX
   421 000001DE 0F BF 05 00000FF4               	MOVSX	EAX,WORD [4084]
   422 000001E5 50                              	PUSH	EAX
   423 000001E6 53                              	PUSH	EBX
   424 000001E7 56                              	PUSH	ESI
   425 000001E8 E8 [00000000]                   	CALL	_sheet_setbuf
   426 000001ED 83 C4 20                        	ADD	ESP,32
   427 000001F0 0F BF 05 00000FF6               	MOVSX	EAX,WORD [4086]
   428 000001F7 50                              	PUSH	EAX
   429 000001F8 0F BF 05 00000FF4               	MOVSX	EAX,WORD [4084]
   430 000001FF 50                              	PUSH	EAX
   431 00000200 53                              	PUSH	EBX
   432 00000201 8D 9D FFFFFBF4                  	LEA	EBX,DWORD [-1036+EBP]
   433 00000207 E8 [00000000]                   	CALL	_init_screen8
   434 0000020C FF B5 FFFFFBD4                  	PUSH	DWORD [-1068+EBP]
   435 00000212 FF B5 FFFFFBF0                  	PUSH	DWORD [-1040+EBP]
   436 00000218 E8 0000092C                     	CALL	_open_console
   437 0000021D FF B5 FFFFFBD4                  	PUSH	DWORD [-1068+EBP]
   438 00000223 FF B5 FFFFFBF0                  	PUSH	DWORD [-1040+EBP]
   439 00000229 89 C7                           	MOV	EDI,EAX
   440 0000022B E8 00000919                     	CALL	_open_console
   441 00000230 FF B5 FFFFFBD4                  	PUSH	DWORD [-1068+EBP]
   442 00000236 FF B5 FFFFFBF0                  	PUSH	DWORD [-1040+EBP]
   443 0000023C 89 85 FFFFFBAC                  	MOV	DWORD [-1108+EBP],EAX
   444 00000242 E8 00000902                     	CALL	_open_console
   445 00000247 83 C4 24                        	ADD	ESP,36
   446 0000024A FF B5 FFFFFBF0                  	PUSH	DWORD [-1040+EBP]
   447 00000250 89 85 FFFFFBA8                  	MOV	DWORD [-1112+EBP],EAX
   448 00000256 E8 [00000000]                   	CALL	_sheet_alloc
   449 0000025B 6A 63                           	PUSH	99
   450 0000025D 6A 10                           	PUSH	16
   451 0000025F 89 85 FFFFFBD0                  	MOV	DWORD [-1072+EBP],EAX
   452 00000265 6A 10                           	PUSH	16
   453 00000267 53                              	PUSH	EBX
   454 00000268 50                              	PUSH	EAX
   455 00000269 E8 [00000000]                   	CALL	_sheet_setbuf
   456 0000026E 6A 63                           	PUSH	99
   457 00000270 53                              	PUSH	EBX
   458 00000271 BB 00000002                     	MOV	EBX,2
   459 00000276 E8 [00000000]                   	CALL	_init_mouse_cursor8
   460 0000027B 83 C4 20                        	ADD	ESP,32
   461 0000027E 0F BF 05 00000FF4               	MOVSX	EAX,WORD [4084]
   462 00000285 8D 48 F0                        	LEA	ECX,DWORD [-16+EAX]
   463 00000288 89 C8                           	MOV	EAX,ECX
   464 0000028A 99                              	CDQ
   465 0000028B F7 FB                           	IDIV	EBX
   466 0000028D 89 85 FFFFFBEC                  	MOV	DWORD [-1044+EBP],EAX
   467 00000293 0F BF 05 00000FF6               	MOVSX	EAX,WORD [4086]
   468 0000029A 6A 00                           	PUSH	0
   469 0000029C 8D 48 D4                        	LEA	ECX,DWORD [-44+EAX]
   470 0000029F 6A 00                           	PUSH	0
   471 000002A1 89 C8                           	MOV	EAX,ECX
   472 000002A3 56                              	PUSH	ESI
   473 000002A4 99                              	CDQ
   474 000002A5 F7 FB                           	IDIV	EBX
   475 000002A7 89 85 FFFFFBE8                  	MOV	DWORD [-1048+EBP],EAX
   476 000002AD E8 [00000000]                   	CALL	_sheet_slide
   477 000002B2 6A 04                           	PUSH	4
   478 000002B4 6A 20                           	PUSH	32
   479 000002B6 57                              	PUSH	EDI
   480 000002B7 E8 [00000000]                   	CALL	_sheet_slide
   481 000002BC FF B5 FFFFFBE8                  	PUSH	DWORD [-1048+EBP]
   482 000002C2 FF B5 FFFFFBEC                  	PUSH	DWORD [-1044+EBP]
   483 000002C8 FF B5 FFFFFBD0                  	PUSH	DWORD [-1072+EBP]
   484 000002CE E8 [00000000]                   	CALL	_sheet_slide
   485 000002D3 83 C4 24                        	ADD	ESP,36
   486 000002D6 6A 00                           	PUSH	0
   487 000002D8 56                              	PUSH	ESI
   488 000002D9 E8 [00000000]                   	CALL	_sheet_updown
   489 000002DE 6A 01                           	PUSH	1
   490 000002E0 57                              	PUSH	EDI
   491 000002E1 E8 [00000000]                   	CALL	_sheet_updown
   492 000002E6 6A 02                           	PUSH	2
   493 000002E8 FF B5 FFFFFBAC                  	PUSH	DWORD [-1108+EBP]
   494 000002EE E8 [00000000]                   	CALL	_sheet_updown
   495 000002F3 6A 03                           	PUSH	3
   496 000002F5 FF B5 FFFFFBA8                  	PUSH	DWORD [-1112+EBP]
   497 000002FB E8 [00000000]                   	CALL	_sheet_updown
   498 00000300 83 C4 20                        	ADD	ESP,32
   499 00000303 6A 04                           	PUSH	4
   500 00000305 FF B5 FFFFFBD0                  	PUSH	DWORD [-1072+EBP]
   501 0000030B E8 [00000000]                   	CALL	_sheet_updown
   502 00000310 57                              	PUSH	EDI
   503 00000311 E8 0000075F                     	CALL	_keywin_on
   504 00000316 8D 55 84                        	LEA	EDX,DWORD [-124+EBP]
   505 00000319 68 000000ED                     	PUSH	237
   506 0000031E 52                              	PUSH	EDX
   507 0000031F E8 [00000000]                   	CALL	_fifo32_put
   508 00000324 8D 45 84                        	LEA	EAX,DWORD [-124+EBP]
   509 00000327 FF B5 FFFFFBC4                  	PUSH	DWORD [-1084+EBP]
   510 0000032D 50                              	PUSH	EAX
   511 0000032E E8 [00000000]                   	CALL	_fifo32_put
   512 00000333 E8 [00000000]                   	CALL	_Initial_ReadWrite
   513 00000338 83 C4 1C                        	ADD	ESP,28
   514 0000033B                                 L2:
   515 0000033B 8D 5D 84                        	LEA	EBX,DWORD [-124+EBP]
   516 0000033E 53                              	PUSH	EBX
   517 0000033F E8 [00000000]                   	CALL	_fifo32_status
   518 00000344 5A                              	POP	EDX
   519 00000345 85 C0                           	TEST	EAX,EAX
   520 00000347 7E 0D                           	JLE	L5
   521 00000349 83 BD FFFFFBC0 00               	CMP	DWORD [-1088+EBP],0
   522 00000350 0F 88 000006CB                  	JS	L79
   523 00000356                                 L5:
   524 00000356 8D 5D A4                        	LEA	EBX,DWORD [-92+EBP]
   525 00000359 E8 [00000000]                   	CALL	_io_cli
   526 0000035E 53                              	PUSH	EBX
   527 0000035F E8 [00000000]                   	CALL	_fifo32_status
   528 00000364 5E                              	POP	ESI
   529 00000365 85 C0                           	TEST	EAX,EAX
   530 00000367 0F 84 00000655                  	JE	L80
   531 0000036D 53                              	PUSH	EBX
   532 0000036E E8 [00000000]                   	CALL	_fifo32_get
   533 00000373 89 C6                           	MOV	ESI,EAX
   534 00000375 E8 [00000000]                   	CALL	_io_sti
   535 0000037A 5B                              	POP	EBX
   536 0000037B 85 FF                           	TEST	EDI,EDI
   537 0000037D 74 27                           	JE	L12
   538 0000037F 83 7F 1C 00                     	CMP	DWORD [28+EDI],0
   539 00000383 75 21                           	JNE	L12
   540 00000385 8B 95 FFFFFBF0                  	MOV	EDX,DWORD [-1040+EBP]
   541 0000038B 31 FF                           	XOR	EDI,EDI
   542 0000038D 8B 42 10                        	MOV	EAX,DWORD [16+EDX]
   543 00000390 83 F8 01                        	CMP	EAX,1
   544 00000393 74 11                           	JE	L12
   545 00000395 8B 95 FFFFFBF0                  	MOV	EDX,DWORD [-1040+EBP]
   546 0000039B 8B 7C 82 10                     	MOV	EDI,DWORD [16+EDX+EAX*4]
   547 0000039F 57                              	PUSH	EDI
   548 000003A0 E8 000006D0                     	CALL	_keywin_on
   549 000003A5 59                              	POP	ECX
   550 000003A6                                 L12:
   551 000003A6 8D 86 FFFFFF00                  	LEA	EAX,DWORD [-256+ESI]
   552 000003AC 3D 000000FF                     	CMP	EAX,255
   553 000003B1 0F 86 00000322                  	JBE	L81
   554 000003B7 8D 86 FFFFFE00                  	LEA	EAX,DWORD [-512+ESI]
   555 000003BD 3D 000000FF                     	CMP	EAX,255
   556 000003C2 76 54                           	JBE	L82
   557 000003C4 8D 86 FFFFFD00                  	LEA	EAX,DWORD [-768+ESI]
   558 000003CA 3D 000000FF                     	CMP	EAX,255
   559 000003CF 76 2F                           	JBE	L83
   560 000003D1 8D 86 FFFFFC00                  	LEA	EAX,DWORD [-1024+ESI]
   561 000003D7 3D 000003E7                     	CMP	EAX,999
   562 000003DC 0F 87 FFFFFF59                  	JA	L2
   563 000003E2 69 F6 000000A0                  	IMUL	ESI,ESI,160
   564 000003E8 03 35 [00000000]                	ADD	ESI,DWORD [_taskctl]
   565 000003EE 8D 86 FFFD8FF8                  	LEA	EAX,DWORD [-159752+ESI]
   566 000003F4 50                              	PUSH	EAX
   567 000003F5 E8 000007CE                     	CALL	_close_constask
   568 000003FA                                 L72:
   569 000003FA 58                              	POP	EAX
   570 000003FB E9 FFFFFF3B                     	JMP	L2
   571 00000400                                 L83:
   572 00000400 6B C6 28                        	IMUL	EAX,ESI,40
   573 00000403 8B 95 FFFFFBF0                  	MOV	EDX,DWORD [-1040+EBP]
   574 00000409 8D 84 10 FFFF8C14               	LEA	EAX,DWORD [-29676+EAX+EDX*1]
   575 00000410 50                              	PUSH	EAX
   576 00000411 E8 000007F2                     	CALL	_close_console
   577 00000416 EB E2                           	JMP	L72
   578 00000418                                 L82:
   579 00000418 89 F2                           	MOV	EDX,ESI
   580 0000041A 0F B6 C2                        	MOVZX	EAX,DL
   581 0000041D 50                              	PUSH	EAX
   582 0000041E 8D 85 FFFFFCF4                  	LEA	EAX,DWORD [-780+EBP]
   583 00000424 50                              	PUSH	EAX
   584 00000425 E8 [00000000]                   	CALL	_mouse_decode
   585 0000042A 5A                              	POP	EDX
   586 0000042B 59                              	POP	ECX
   587 0000042C 85 C0                           	TEST	EAX,EAX
   588 0000042E 0F 84 FFFFFF07                  	JE	L2
   589 00000434 8B 85 FFFFFCFC                  	MOV	EAX,DWORD [-772+EBP]
   590 0000043A 8B 95 FFFFFCF8                  	MOV	EDX,DWORD [-776+EBP]
   591 00000440 01 85 FFFFFBE8                  	ADD	DWORD [-1048+EBP],EAX
   592 00000446 01 95 FFFFFBEC                  	ADD	DWORD [-1044+EBP],EDX
   593 0000044C 0F 88 00000278                  	JS	L84
   594 00000452                                 L44:
   595 00000452 83 BD FFFFFBE8 00               	CMP	DWORD [-1048+EBP],0
   596 00000459 0F 88 0000025C                  	JS	L85
   597 0000045F                                 L45:
   598 0000045F 0F BF 05 00000FF4               	MOVSX	EAX,WORD [4084]
   599 00000466 48                              	DEC	EAX
   600 00000467 39 85 FFFFFBEC                  	CMP	DWORD [-1044+EBP],EAX
   601 0000046D 7E 06                           	JLE	L46
   602 0000046F 89 85 FFFFFBEC                  	MOV	DWORD [-1044+EBP],EAX
   603 00000475                                 L46:
   604 00000475 0F BF 05 00000FF6               	MOVSX	EAX,WORD [4086]
   605 0000047C 48                              	DEC	EAX
   606 0000047D 39 85 FFFFFBE8                  	CMP	DWORD [-1048+EBP],EAX
   607 00000483 7E 06                           	JLE	L47
   608 00000485 89 85 FFFFFBE8                  	MOV	DWORD [-1048+EBP],EAX
   609 0000048B                                 L47:
   610 0000048B 8B 85 FFFFFBEC                  	MOV	EAX,DWORD [-1044+EBP]
   611 00000491 8B 95 FFFFFBE8                  	MOV	EDX,DWORD [-1048+EBP]
   612 00000497 89 85 FFFFFBE4                  	MOV	DWORD [-1052+EBP],EAX
   613 0000049D 89 95 FFFFFBE0                  	MOV	DWORD [-1056+EBP],EDX
   614 000004A3 F7 85 FFFFFD00 00000001         	TEST	DWORD [-768+EBP],1
   615 000004AD 75 43                           	JNE	L86
   616 000004AF C7 85 FFFFFBBC FFFFFFFF         	MOV	DWORD [-1092+EBP],-1
   617 000004B9 81 BD FFFFFBDC 7FFFFFFF         	CMP	DWORD [-1060+EBP],2147483647
   618 000004C3 0F 84 FFFFFE72                  	JE	L2
   619 000004C9                                 L74:
   620 000004C9 FF B5 FFFFFBD8                  	PUSH	DWORD [-1064+EBP]
   621 000004CF FF B5 FFFFFBDC                  	PUSH	DWORD [-1060+EBP]
   622 000004D5 FF B5 FFFFFBB0                  	PUSH	DWORD [-1104+EBP]
   623 000004DB E8 [00000000]                   	CALL	_sheet_slide
   624 000004E0 C7 85 FFFFFBDC 7FFFFFFF         	MOV	DWORD [-1060+EBP],2147483647
   625 000004EA                                 L75:
   626 000004EA 83 C4 0C                        	ADD	ESP,12
   627 000004ED E9 FFFFFE49                     	JMP	L2
   628 000004F2                                 L86:
   629 000004F2 83 BD FFFFFBBC 00               	CMP	DWORD [-1092+EBP],0
   630 000004F9 78 46                           	JS	L87
   631 000004FB 8B 9D FFFFFBEC                  	MOV	EBX,DWORD [-1044+EBP]
   632 00000501 8B 85 FFFFFBB4                  	MOV	EAX,DWORD [-1100+EBP]
   633 00000507 2B 9D FFFFFBBC                  	SUB	EBX,DWORD [-1092+EBP]
   634 0000050D 8B B5 FFFFFBE8                  	MOV	ESI,DWORD [-1048+EBP]
   635 00000513 2B B5 FFFFFBB8                  	SUB	ESI,DWORD [-1096+EBP]
   636 00000519 8B 95 FFFFFBE8                  	MOV	EDX,DWORD [-1048+EBP]
   637 0000051F 8D 5C 03 02                     	LEA	EBX,DWORD [2+EBX+EAX*1]
   638 00000523 89 95 FFFFFBB8                  	MOV	DWORD [-1096+EBP],EDX
   639 00000529 89 9D FFFFFBDC                  	MOV	DWORD [-1060+EBP],EBX
   640 0000052F 01 B5 FFFFFBD8                  	ADD	DWORD [-1064+EBP],ESI
   641 00000535 83 A5 FFFFFBDC FC               	AND	DWORD [-1060+EBP],-4
   642 0000053C E9 FFFFFDFA                     	JMP	L2
   643 00000541                                 L87:
   644 00000541 8B 85 FFFFFBF0                  	MOV	EAX,DWORD [-1040+EBP]
   645 00000547 8B 40 10                        	MOV	EAX,DWORD [16+EAX]
   646 0000054A 89 85 FFFFFBA0                  	MOV	DWORD [-1120+EBP],EAX
   647 00000550 89 C1                           	MOV	ECX,EAX
   648 00000552                                 L77:
   649 00000552 49                              	DEC	ECX
   650 00000553 85 C9                           	TEST	ECX,ECX
   651 00000555 0F 8E FFFFFDE0                  	JLE	L2
   652 0000055B 8B 95 FFFFFBF0                  	MOV	EDX,DWORD [-1040+EBP]
   653 00000561 8B B5 FFFFFBE8                  	MOV	ESI,DWORD [-1048+EBP]
   654 00000567 8B 9D FFFFFBEC                  	MOV	EBX,DWORD [-1044+EBP]
   655 0000056D 8B 54 8A 14                     	MOV	EDX,DWORD [20+EDX+ECX*4]
   656 00000571 89 95 FFFFFBB0                  	MOV	DWORD [-1104+EBP],EDX
   657 00000577 2B 72 10                        	SUB	ESI,DWORD [16+EDX]
   658 0000057A 2B 5A 0C                        	SUB	EBX,DWORD [12+EDX]
   659 0000057D 78 D3                           	JS	L77
   660 0000057F 8B 42 04                        	MOV	EAX,DWORD [4+EDX]
   661 00000582 39 C3                           	CMP	EBX,EAX
   662 00000584 7D CC                           	JGE	L77
   663 00000586 85 F6                           	TEST	ESI,ESI
   664 00000588 78 C8                           	JS	L77
   665 0000058A 3B 72 08                        	CMP	ESI,DWORD [8+EDX]
   666 0000058D 7D C3                           	JGE	L77
   667 0000058F 0F AF C6                        	IMUL	EAX,ESI
   668 00000592 89 85 FFFFFB9C                  	MOV	DWORD [-1124+EBP],EAX
   669 00000598 8B 12                           	MOV	EDX,DWORD [EDX]
   670 0000059A 8B 85 FFFFFB9C                  	MOV	EAX,DWORD [-1124+EBP]
   671 000005A0 01 D8                           	ADD	EAX,EBX
   672 000005A2 0F B6 04 10                     	MOVZX	EAX,BYTE [EAX+EDX*1]
   673 000005A6 8B 95 FFFFFBB0                  	MOV	EDX,DWORD [-1104+EBP]
   674 000005AC 3B 42 14                        	CMP	EAX,DWORD [20+EDX]
   675 000005AF 74 A1                           	JE	L77
   676 000005B1 8B 85 FFFFFBA0                  	MOV	EAX,DWORD [-1120+EBP]
   677 000005B7 48                              	DEC	EAX
   678 000005B8 50                              	PUSH	EAX
   679 000005B9 52                              	PUSH	EDX
   680 000005BA E8 [00000000]                   	CALL	_sheet_updown
   681 000005BF 39 BD FFFFFBB0                  	CMP	DWORD [-1104+EBP],EDI
   682 000005C5 59                              	POP	ECX
   683 000005C6 58                              	POP	EAX
   684 000005C7 74 14                           	JE	L56
   685 000005C9 57                              	PUSH	EDI
   686 000005CA E8 00000478                     	CALL	_keywin_off
   687 000005CF 8B BD FFFFFBB0                  	MOV	EDI,DWORD [-1104+EBP]
   688 000005D5 57                              	PUSH	EDI
   689 000005D6 E8 0000049A                     	CALL	_keywin_on
   690 000005DB 58                              	POP	EAX
   691 000005DC 5A                              	POP	EDX
   692 000005DD                                 L56:
   693 000005DD 83 FB 02                        	CMP	EBX,2
   694 000005E0 7E 50                           	JLE	L57
   695 000005E2 8B 95 FFFFFBB0                  	MOV	EDX,DWORD [-1104+EBP]
   696 000005E8 8B 42 04                        	MOV	EAX,DWORD [4+EDX]
   697 000005EB 83 E8 03                        	SUB	EAX,3
   698 000005EE 39 C3                           	CMP	EBX,EAX
   699 000005F0 7D 40                           	JGE	L57
   700 000005F2 83 FE 02                        	CMP	ESI,2
   701 000005F5 7E 3B                           	JLE	L57
   702 000005F7 83 FE 14                        	CMP	ESI,20
   703 000005FA 7F 36                           	JG	L57
   704 000005FC 8B 85 FFFFFBEC                  	MOV	EAX,DWORD [-1044+EBP]
   705 00000602 8B 95 FFFFFBE8                  	MOV	EDX,DWORD [-1048+EBP]
   706 00000608 89 85 FFFFFBBC                  	MOV	DWORD [-1092+EBP],EAX
   707 0000060E 89 95 FFFFFBB8                  	MOV	DWORD [-1096+EBP],EDX
   708 00000614 8B 85 FFFFFBB0                  	MOV	EAX,DWORD [-1104+EBP]
   709 0000061A 8B 95 FFFFFBB0                  	MOV	EDX,DWORD [-1104+EBP]
   710 00000620 8B 40 0C                        	MOV	EAX,DWORD [12+EAX]
   711 00000623 8B 52 10                        	MOV	EDX,DWORD [16+EDX]
   712 00000626 89 85 FFFFFBB4                  	MOV	DWORD [-1100+EBP],EAX
   713 0000062C 89 95 FFFFFBD8                  	MOV	DWORD [-1064+EBP],EDX
   714 00000632                                 L57:
   715 00000632 8B 85 FFFFFBB0                  	MOV	EAX,DWORD [-1104+EBP]
   716 00000638 8B 50 04                        	MOV	EDX,DWORD [4+EAX]
   717 0000063B 8D 42 EB                        	LEA	EAX,DWORD [-21+EDX]
   718 0000063E 39 D8                           	CMP	EAX,EBX
   719 00000640 0F 8F FFFFFCF5                  	JG	L2
   720 00000646 8D 42 FB                        	LEA	EAX,DWORD [-5+EDX]
   721 00000649 39 C3                           	CMP	EBX,EAX
   722 0000064B 0F 8D FFFFFCEA                  	JGE	L2
   723 00000651 83 FE 04                        	CMP	ESI,4
   724 00000654 0F 8E FFFFFCE1                  	JLE	L2
   725 0000065A 83 FE 12                        	CMP	ESI,18
   726 0000065D 0F 8F FFFFFCD8                  	JG	L2
   727 00000663 8B 95 FFFFFBB0                  	MOV	EDX,DWORD [-1104+EBP]
   728 00000669 F6 42 1C 10                     	TEST	BYTE [28+EDX],16
   729 0000066D 74 37                           	JE	L88
   730 0000066F 8B 95 FFFFFBB0                  	MOV	EDX,DWORD [-1104+EBP]
   731 00000675 8B 5A 24                        	MOV	EBX,DWORD [36+EDX]
   732 00000678 68 [00000100]                   	PUSH	LC1
   733 0000067D FF B3 00000094                  	PUSH	DWORD [148+EBX]
   734 00000683 E8 [00000000]                   	CALL	_cons_putstr0
   735 00000688 E8 [00000000]                   	CALL	_io_cli
   736 0000068D 8D 43 30                        	LEA	EAX,DWORD [48+EBX]
   737 00000690 89 43 54                        	MOV	DWORD [84+EBX],EAX
   738 00000693 C7 43 4C [00000000]             	MOV	DWORD [76+EBX],_asm_end_app
   739 0000069A                                 L78:
   740 0000069A E8 [00000000]                   	CALL	_io_sti
   741 0000069F                                 L73:
   742 0000069F 5A                              	POP	EDX
   743 000006A0 59                              	POP	ECX
   744 000006A1 E9 FFFFFC95                     	JMP	L2
   745 000006A6                                 L88:
   746 000006A6 8B 5A 24                        	MOV	EBX,DWORD [36+EDX]
   747 000006A9 E8 [00000000]                   	CALL	_io_cli
   748 000006AE 6A 04                           	PUSH	4
   749 000006B0 8D 43 10                        	LEA	EAX,DWORD [16+EBX]
   750 000006B3 50                              	PUSH	EAX
   751 000006B4 E8 [00000000]                   	CALL	_fifo32_put
   752 000006B9 EB DF                           	JMP	L78
   753 000006BB                                 L85:
   754 000006BB C7 85 FFFFFBE8 00000000         	MOV	DWORD [-1048+EBP],0
   755 000006C5 E9 FFFFFD95                     	JMP	L45
   756 000006CA                                 L84:
   757 000006CA C7 85 FFFFFBEC 00000000         	MOV	DWORD [-1044+EBP],0
   758 000006D4 E9 FFFFFD79                     	JMP	L44
   759 000006D9                                 L81:
   760 000006D9 81 FE 0000017F                  	CMP	ESI,383
   761 000006DF 0F 8F 000002D4                  	JG	L16
   762 000006E5 83 BD FFFFFBC8 00               	CMP	DWORD [-1080+EBP],0
   763 000006EC 0F 85 000002BC                  	JNE	L17
   764 000006F2 8A 86 [FFFFFF00]                	MOV	AL,BYTE [_keytable0.0-256+ESI]
   765 000006F8                                 L76:
   766 000006F8 88 45 C4                        	MOV	BYTE [-60+EBP],AL
   767 000006FB                                 L19:
   768 000006FB 8A 55 C4                        	MOV	DL,BYTE [-60+EBP]
   769 000006FE 8D 42 BF                        	LEA	EAX,DWORD [-65+EDX]
   770 00000701 3C 19                           	CMP	AL,25
   771 00000703 77 1D                           	JA	L20
   772 00000705 F7 85 FFFFFBC4 00000004         	TEST	DWORD [-1084+EBP],4
   773 0000070F 0F 85 0000028A                  	JNE	L70
   774 00000715 83 BD FFFFFBC8 00               	CMP	DWORD [-1080+EBP],0
   775 0000071C 0F 84 00000272                  	JE	L22
   776 00000722                                 L20:
   777 00000722 8A 45 C4                        	MOV	AL,BYTE [-60+EBP]
   778 00000725 84 C0                           	TEST	AL,AL
   779 00000727 74 1B                           	JE	L24
   780 00000729 85 FF                           	TEST	EDI,EDI
   781 0000072B 74 17                           	JE	L24
   782 0000072D 0F BE C0                        	MOVSX	EAX,AL
   783 00000730 05 00000100                     	ADD	EAX,256
   784 00000735 50                              	PUSH	EAX
   785 00000736 8B 47 24                        	MOV	EAX,DWORD [36+EDI]
   786 00000739 83 C0 10                        	ADD	EAX,16
   787 0000073C 50                              	PUSH	EAX
   788 0000073D E8 [00000000]                   	CALL	_fifo32_put
   789 00000742 58                              	POP	EAX
   790 00000743 5A                              	POP	EDX
   791 00000744                                 L24:
   792 00000744 81 FE 0000010F                  	CMP	ESI,271
   793 0000074A 0F 84 0000020F                  	JE	L89
   794 00000750                                 L25:
   795 00000750 81 FE 0000012A                  	CMP	ESI,298
   796 00000756 0F 84 000001F7                  	JE	L90
   797 0000075C                                 L27:
   798 0000075C 81 FE 00000136                  	CMP	ESI,310
   799 00000762 0F 84 000001DF                  	JE	L91
   800 00000768                                 L28:
   801 00000768 81 FE 000001AA                  	CMP	ESI,426
   802 0000076E 0F 84 000001C7                  	JE	L92
   803 00000774                                 L29:
   804 00000774 81 FE 000001B6                  	CMP	ESI,438
   805 0000077A 0F 84 000001AF                  	JE	L93
   806 00000780                                 L30:
   807 00000780 81 FE 0000013A                  	CMP	ESI,314
   808 00000786 0F 84 0000017A                  	JE	L94
   809 0000078C                                 L31:
   810 0000078C 81 FE 00000145                  	CMP	ESI,325
   811 00000792 0F 84 00000145                  	JE	L95
   812 00000798                                 L32:
   813 00000798 81 FE 00000146                  	CMP	ESI,326
   814 0000079E 0F 84 00000110                  	JE	L96
   815 000007A4                                 L33:
   816 000007A4 81 FE 0000013B                  	CMP	ESI,315
   817 000007AA 0F 84 000000AC                  	JE	L97
   818 000007B0                                 L34:
   819 000007B0 81 FE 0000013C                  	CMP	ESI,316
   820 000007B6 74 56                           	JE	L98
   821 000007B8                                 L36:
   822 000007B8 81 FE 00000157                  	CMP	ESI,343
   823 000007BE 74 37                           	JE	L99
   824 000007C0                                 L38:
   825 000007C0 81 FE 000001FA                  	CMP	ESI,506
   826 000007C6 74 23                           	JE	L100
   827 000007C8                                 L39:
   828 000007C8 81 FE 000001FE                  	CMP	ESI,510
   829 000007CE 0F 85 FFFFFB67                  	JNE	L2
   830 000007D4 E8 [00000000]                   	CALL	_wait_KBC_sendready
   831 000007D9 FF B5 FFFFFBC0                  	PUSH	DWORD [-1088+EBP]
   832 000007DF 6A 60                           	PUSH	96
   833 000007E1 E8 [00000000]                   	CALL	_io_out8
   834 000007E6 E9 FFFFFEB4                     	JMP	L73
   835 000007EB                                 L100:
   836 000007EB C7 85 FFFFFBC0 FFFFFFFF         	MOV	DWORD [-1088+EBP],-1
   837 000007F5 EB D1                           	JMP	L39
   838 000007F7                                 L99:
   839 000007F7 8B 95 FFFFFBF0                  	MOV	EDX,DWORD [-1040+EBP]
   840 000007FD 8B 42 10                        	MOV	EAX,DWORD [16+EDX]
   841 00000800 48                              	DEC	EAX
   842 00000801 50                              	PUSH	EAX
   843 00000802 FF 72 18                        	PUSH	DWORD [24+EDX]
   844 00000805 E8 [00000000]                   	CALL	_sheet_updown
   845 0000080A 5B                              	POP	EBX
   846 0000080B 58                              	POP	EAX
   847 0000080C EB B2                           	JMP	L38
   848 0000080E                                 L98:
   849 0000080E 83 BD FFFFFBC8 00               	CMP	DWORD [-1080+EBP],0
   850 00000815 74 A1                           	JE	L36
   851 00000817 85 FF                           	TEST	EDI,EDI
   852 00000819 74 07                           	JE	L37
   853 0000081B 57                              	PUSH	EDI
   854 0000081C E8 00000226                     	CALL	_keywin_off
   855 00000821 58                              	POP	EAX
   856 00000822                                 L37:
   857 00000822 FF B5 FFFFFBD4                  	PUSH	DWORD [-1068+EBP]
   858 00000828 FF B5 FFFFFBF0                  	PUSH	DWORD [-1040+EBP]
   859 0000082E E8 00000316                     	CALL	_open_console
   860 00000833 6A 04                           	PUSH	4
   861 00000835 6A 20                           	PUSH	32
   862 00000837 89 C7                           	MOV	EDI,EAX
   863 00000839 50                              	PUSH	EAX
   864 0000083A E8 [00000000]                   	CALL	_sheet_slide
   865 0000083F 8B 85 FFFFFBF0                  	MOV	EAX,DWORD [-1040+EBP]
   866 00000845 FF 70 10                        	PUSH	DWORD [16+EAX]
   867 00000848 57                              	PUSH	EDI
   868 00000849 E8 [00000000]                   	CALL	_sheet_updown
   869 0000084E 57                              	PUSH	EDI
   870 0000084F E8 00000221                     	CALL	_keywin_on
   871 00000854 83 C4 20                        	ADD	ESP,32
   872 00000857 E9 FFFFFF5C                     	JMP	L36
   873 0000085C                                 L97:
   874 0000085C 83 BD FFFFFBC8 00               	CMP	DWORD [-1080+EBP],0
   875 00000863 0F 84 FFFFFF47                  	JE	L34
   876 00000869 85 FF                           	TEST	EDI,EDI
   877 0000086B 0F 84 FFFFFF3F                  	JE	L34
   878 00000871 8B 5F 24                        	MOV	EBX,DWORD [36+EDI]
   879 00000874 85 DB                           	TEST	EBX,EBX
   880 00000876 0F 84 FFFFFF34                  	JE	L34
   881 0000087C 83 7B 34 00                     	CMP	DWORD [52+EBX],0
   882 00000880 0F 84 FFFFFF2A                  	JE	L34
   883 00000886 68 [00000111]                   	PUSH	LC0
   884 0000088B FF B3 00000094                  	PUSH	DWORD [148+EBX]
   885 00000891 E8 [00000000]                   	CALL	_cons_putstr0
   886 00000896 E8 [00000000]                   	CALL	_io_cli
   887 0000089B 8D 43 30                        	LEA	EAX,DWORD [48+EBX]
   888 0000089E 89 43 54                        	MOV	DWORD [84+EBX],EAX
   889 000008A1 C7 43 4C [00000000]             	MOV	DWORD [76+EBX],_asm_end_app
   890 000008A8 E8 [00000000]                   	CALL	_io_sti
   891 000008AD 58                              	POP	EAX
   892 000008AE 5A                              	POP	EDX
   893 000008AF E9 FFFFFEFC                     	JMP	L34
   894 000008B4                                 L96:
   895 000008B4 68 000000ED                     	PUSH	237
   896 000008B9 8D 5D 84                        	LEA	EBX,DWORD [-124+EBP]
   897 000008BC 53                              	PUSH	EBX
   898 000008BD 83 B5 FFFFFBC4 01               	XOR	DWORD [-1084+EBP],1
   899 000008C4 E8 [00000000]                   	CALL	_fifo32_put
   900 000008C9 FF B5 FFFFFBC4                  	PUSH	DWORD [-1084+EBP]
   901 000008CF 53                              	PUSH	EBX
   902 000008D0 E8 [00000000]                   	CALL	_fifo32_put
   903 000008D5 83 C4 10                        	ADD	ESP,16
   904 000008D8 E9 FFFFFEC7                     	JMP	L33
   905 000008DD                                 L95:
   906 000008DD 68 000000ED                     	PUSH	237
   907 000008E2 8D 5D 84                        	LEA	EBX,DWORD [-124+EBP]
   908 000008E5 53                              	PUSH	EBX
   909 000008E6 83 B5 FFFFFBC4 02               	XOR	DWORD [-1084+EBP],2
   910 000008ED E8 [00000000]                   	CALL	_fifo32_put
   911 000008F2 FF B5 FFFFFBC4                  	PUSH	DWORD [-1084+EBP]
   912 000008F8 53                              	PUSH	EBX
   913 000008F9 E8 [00000000]                   	CALL	_fifo32_put
   914 000008FE 83 C4 10                        	ADD	ESP,16
   915 00000901 E9 FFFFFE92                     	JMP	L32
   916 00000906                                 L94:
   917 00000906 68 000000ED                     	PUSH	237
   918 0000090B 8D 5D 84                        	LEA	EBX,DWORD [-124+EBP]
   919 0000090E 53                              	PUSH	EBX
   920 0000090F 83 B5 FFFFFBC4 04               	XOR	DWORD [-1084+EBP],4
   921 00000916 E8 [00000000]                   	CALL	_fifo32_put
   922 0000091B FF B5 FFFFFBC4                  	PUSH	DWORD [-1084+EBP]
   923 00000921 53                              	PUSH	EBX
   924 00000922 E8 [00000000]                   	CALL	_fifo32_put
   925 00000927 83 C4 10                        	ADD	ESP,16
   926 0000092A E9 FFFFFE5D                     	JMP	L31
   927 0000092F                                 L93:
   928 0000092F 83 A5 FFFFFBC8 FD               	AND	DWORD [-1080+EBP],-3
   929 00000936 E9 FFFFFE45                     	JMP	L30
   930 0000093B                                 L92:
   931 0000093B 83 A5 FFFFFBC8 FE               	AND	DWORD [-1080+EBP],-2
   932 00000942 E9 FFFFFE2D                     	JMP	L29
   933 00000947                                 L91:
   934 00000947 83 8D FFFFFBC8 02               	OR	DWORD [-1080+EBP],2
   935 0000094E E9 FFFFFE15                     	JMP	L28
   936 00000953                                 L90:
   937 00000953 83 8D FFFFFBC8 01               	OR	DWORD [-1080+EBP],1
   938 0000095A E9 FFFFFDFD                     	JMP	L27
   939 0000095F                                 L89:
   940 0000095F 85 FF                           	TEST	EDI,EDI
   941 00000961 0F 84 FFFFFDE9                  	JE	L25
   942 00000967 57                              	PUSH	EDI
   943 00000968 E8 000000DA                     	CALL	_keywin_off
   944 0000096D 8B 4F 18                        	MOV	ECX,DWORD [24+EDI]
   945 00000970 49                              	DEC	ECX
   946 00000971 5B                              	POP	EBX
   947 00000972 75 0A                           	JNE	L26
   948 00000974 8B 85 FFFFFBF0                  	MOV	EAX,DWORD [-1040+EBP]
   949 0000097A 8B 48 10                        	MOV	ECX,DWORD [16+EAX]
   950 0000097D 49                              	DEC	ECX
   951 0000097E                                 L26:
   952 0000097E 8B 95 FFFFFBF0                  	MOV	EDX,DWORD [-1040+EBP]
   953 00000984 8B 7C 8A 14                     	MOV	EDI,DWORD [20+EDX+ECX*4]
   954 00000988 57                              	PUSH	EDI
   955 00000989 E8 000000E7                     	CALL	_keywin_on
   956 0000098E 59                              	POP	ECX
   957 0000098F E9 FFFFFDBC                     	JMP	L25
   958 00000994                                 L22:
   959 00000994 8D 42 20                        	LEA	EAX,DWORD [32+EDX]
   960 00000997 88 45 C4                        	MOV	BYTE [-60+EBP],AL
   961 0000099A E9 FFFFFD83                     	JMP	L20
   962 0000099F                                 L70:
   963 0000099F 83 BD FFFFFBC8 00               	CMP	DWORD [-1080+EBP],0
   964 000009A6 0F 84 FFFFFD76                  	JE	L20
   965 000009AC EB E6                           	JMP	L22
   966 000009AE                                 L17:
   967 000009AE 8A 86 [FFFFFF80]                	MOV	AL,BYTE [_keytable1.1-256+ESI]
   968 000009B4 E9 FFFFFD3F                     	JMP	L76
   969 000009B9                                 L16:
   970 000009B9 C6 45 C4 00                     	MOV	BYTE [-60+EBP],0
   971 000009BD E9 FFFFFD39                     	JMP	L19
   972 000009C2                                 L80:
   973 000009C2 83 BD FFFFFBE4 00               	CMP	DWORD [-1052+EBP],0
   974 000009C9 79 2B                           	JNS	L101
   975 000009CB 81 BD FFFFFBDC 7FFFFFFF         	CMP	DWORD [-1060+EBP],2147483647
   976 000009D5 75 15                           	JNE	L102
   977 000009D7 FF B5 FFFFFBCC                  	PUSH	DWORD [-1076+EBP]
   978 000009DD E8 [00000000]                   	CALL	_task_sleep
   979 000009E2 E8 [00000000]                   	CALL	_io_sti
   980 000009E7 E9 FFFFFA0E                     	JMP	L72
   981 000009EC                                 L102:
   982 000009EC E8 [00000000]                   	CALL	_io_sti
   983 000009F1 E9 FFFFFAD3                     	JMP	L74
   984 000009F6                                 L101:
   985 000009F6 E8 [00000000]                   	CALL	_io_sti
   986 000009FB FF B5 FFFFFBE0                  	PUSH	DWORD [-1056+EBP]
   987 00000A01 FF B5 FFFFFBE4                  	PUSH	DWORD [-1052+EBP]
   988 00000A07 FF B5 FFFFFBD0                  	PUSH	DWORD [-1072+EBP]
   989 00000A0D E8 [00000000]                   	CALL	_sheet_slide
   990 00000A12 C7 85 FFFFFBE4 FFFFFFFF         	MOV	DWORD [-1052+EBP],-1
   991 00000A1C E9 FFFFFAC9                     	JMP	L75
   992 00000A21                                 L79:
   993 00000A21 53                              	PUSH	EBX
   994 00000A22 E8 [00000000]                   	CALL	_fifo32_get
   995 00000A27 89 85 FFFFFBC0                  	MOV	DWORD [-1088+EBP],EAX
   996 00000A2D E8 [00000000]                   	CALL	_wait_KBC_sendready
   997 00000A32 FF B5 FFFFFBC0                  	PUSH	DWORD [-1088+EBP]
   998 00000A38 6A 60                           	PUSH	96
   999 00000A3A E8 [00000000]                   	CALL	_io_out8
  1000 00000A3F 83 C4 0C                        	ADD	ESP,12
  1001 00000A42 E9 FFFFF90F                     	JMP	L5
  1002 00000A47                                 	GLOBAL	_keywin_off
  1003 00000A47                                 _keywin_off:
  1004 00000A47 55                              	PUSH	EBP
  1005 00000A48 89 E5                           	MOV	EBP,ESP
  1006 00000A4A 53                              	PUSH	EBX
  1007 00000A4B 6A 00                           	PUSH	0
  1008 00000A4D 8B 5D 08                        	MOV	EBX,DWORD [8+EBP]
  1009 00000A50 53                              	PUSH	EBX
  1010 00000A51 E8 [00000000]                   	CALL	_change_wtitle8
  1011 00000A56 F6 43 1C 20                     	TEST	BYTE [28+EBX],32
  1012 00000A5A 58                              	POP	EAX
  1013 00000A5B 5A                              	POP	EDX
  1014 00000A5C 75 05                           	JNE	L105
  1015 00000A5E                                 L103:
  1016 00000A5E 8B 5D FC                        	MOV	EBX,DWORD [-4+EBP]
  1017 00000A61 C9                              	LEAVE
  1018 00000A62 C3                              	RET
  1019 00000A63                                 L105:
  1020 00000A63 6A 03                           	PUSH	3
  1021 00000A65 8B 43 24                        	MOV	EAX,DWORD [36+EBX]
  1022 00000A68 83 C0 10                        	ADD	EAX,16
  1023 00000A6B 50                              	PUSH	EAX
  1024 00000A6C E8 [00000000]                   	CALL	_fifo32_put
  1025 00000A71 59                              	POP	ECX
  1026 00000A72 5B                              	POP	EBX
  1027 00000A73 EB E9                           	JMP	L103
  1028 00000A75                                 	GLOBAL	_keywin_on
  1029 00000A75                                 _keywin_on:
  1030 00000A75 55                              	PUSH	EBP
  1031 00000A76 89 E5                           	MOV	EBP,ESP
  1032 00000A78 53                              	PUSH	EBX
  1033 00000A79 6A 01                           	PUSH	1
  1034 00000A7B 8B 5D 08                        	MOV	EBX,DWORD [8+EBP]
  1035 00000A7E 53                              	PUSH	EBX
  1036 00000A7F E8 [00000000]                   	CALL	_change_wtitle8
  1037 00000A84 F6 43 1C 20                     	TEST	BYTE [28+EBX],32
  1038 00000A88 58                              	POP	EAX
  1039 00000A89 5A                              	POP	EDX
  1040 00000A8A 75 05                           	JNE	L108
  1041 00000A8C                                 L106:
  1042 00000A8C 8B 5D FC                        	MOV	EBX,DWORD [-4+EBP]
  1043 00000A8F C9                              	LEAVE
  1044 00000A90 C3                              	RET
  1045 00000A91                                 L108:
  1046 00000A91 6A 02                           	PUSH	2
  1047 00000A93 8B 43 24                        	MOV	EAX,DWORD [36+EBX]
  1048 00000A96 83 C0 10                        	ADD	EAX,16
  1049 00000A99 50                              	PUSH	EAX
  1050 00000A9A E8 [00000000]                   	CALL	_fifo32_put
  1051 00000A9F 59                              	POP	ECX
  1052 00000AA0 5B                              	POP	EBX
  1053 00000AA1 EB E9                           	JMP	L106
  1054 00000AA3                                 	GLOBAL	_open_constask
  1055 00000AA3                                 _open_constask:
  1056 00000AA3 55                              	PUSH	EBP
  1057 00000AA4 89 E5                           	MOV	EBP,ESP
  1058 00000AA6 56                              	PUSH	ESI
  1059 00000AA7 53                              	PUSH	EBX
  1060 00000AA8 E8 [00000000]                   	CALL	_task_alloc
  1061 00000AAD 68 00000200                     	PUSH	512
  1062 00000AB2 68 003C0000                     	PUSH	3932160
  1063 00000AB7 89 C3                           	MOV	EBX,EAX
  1064 00000AB9 E8 [00000000]                   	CALL	_memman_alloc_4k
  1065 00000ABE 68 00010000                     	PUSH	65536
  1066 00000AC3 68 003C0000                     	PUSH	3932160
  1067 00000AC8 89 C6                           	MOV	ESI,EAX
  1068 00000ACA E8 [00000000]                   	CALL	_memman_alloc_4k
  1069 00000ACF 8B 55 08                        	MOV	EDX,DWORD [8+EBP]
  1070 00000AD2 C7 43 4C [00000000]             	MOV	DWORD [76+EBX],_console_task
  1071 00000AD9 89 83 0000009C                  	MOV	DWORD [156+EBX],EAX
  1072 00000ADF 05 0000FFF4                     	ADD	EAX,65524
  1073 00000AE4 89 43 64                        	MOV	DWORD [100+EBX],EAX
  1074 00000AE7 C7 43 74 00000008               	MOV	DWORD [116+EBX],8
  1075 00000AEE C7 43 78 00000010               	MOV	DWORD [120+EBX],16
  1076 00000AF5 C7 43 7C 00000008               	MOV	DWORD [124+EBX],8
  1077 00000AFC C7 83 00000080 00000008         	MOV	DWORD [128+EBX],8
  1078 00000B06 C7 83 00000084 00000008         	MOV	DWORD [132+EBX],8
  1079 00000B10 C7 83 00000088 00000008         	MOV	DWORD [136+EBX],8
  1080 00000B1A 89 50 04                        	MOV	DWORD [4+EAX],EDX
  1081 00000B1D 8B 53 64                        	MOV	EDX,DWORD [100+EBX]
  1082 00000B20 8B 45 0C                        	MOV	EAX,DWORD [12+EBP]
  1083 00000B23 89 42 08                        	MOV	DWORD [8+EDX],EAX
  1084 00000B26 6A 02                           	PUSH	2
  1085 00000B28 6A 02                           	PUSH	2
  1086 00000B2A 53                              	PUSH	EBX
  1087 00000B2B E8 [00000000]                   	CALL	_task_run
  1088 00000B30 8D 43 10                        	LEA	EAX,DWORD [16+EBX]
  1089 00000B33 53                              	PUSH	EBX
  1090 00000B34 56                              	PUSH	ESI
  1091 00000B35 68 00000080                     	PUSH	128
  1092 00000B3A 50                              	PUSH	EAX
  1093 00000B3B E8 [00000000]                   	CALL	_fifo32_init
  1094 00000B40 8D 65 F8                        	LEA	ESP,DWORD [-8+EBP]
  1095 00000B43 89 D8                           	MOV	EAX,EBX
  1096 00000B45 5B                              	POP	EBX
  1097 00000B46 5E                              	POP	ESI
  1098 00000B47 5D                              	POP	EBP
  1099 00000B48 C3                              	RET
  1100                                          [SECTION .data]
  1101 00000120                                 LC2:
  1102 00000120 63 6F 6E 73 6F 6C 65 00         	DB	"console",0x00
  1103                                          [SECTION .text]
  1104 00000B49                                 	GLOBAL	_open_console
  1105 00000B49                                 _open_console:
  1106 00000B49 55                              	PUSH	EBP
  1107 00000B4A 89 E5                           	MOV	EBP,ESP
  1108 00000B4C 56                              	PUSH	ESI
  1109 00000B4D 53                              	PUSH	EBX
  1110 00000B4E FF 75 08                        	PUSH	DWORD [8+EBP]
  1111 00000B51 E8 [00000000]                   	CALL	_sheet_alloc
  1112 00000B56 68 0000A500                     	PUSH	42240
  1113 00000B5B 68 003C0000                     	PUSH	3932160
  1114 00000B60 89 C3                           	MOV	EBX,EAX
  1115 00000B62 E8 [00000000]                   	CALL	_memman_alloc_4k
  1116 00000B67 6A FF                           	PUSH	-1
  1117 00000B69 68 000000A5                     	PUSH	165
  1118 00000B6E 89 C6                           	MOV	ESI,EAX
  1119 00000B70 68 00000100                     	PUSH	256
  1120 00000B75 50                              	PUSH	EAX
  1121 00000B76 53                              	PUSH	EBX
  1122 00000B77 E8 [00000000]                   	CALL	_sheet_setbuf
  1123 00000B7C 83 C4 20                        	ADD	ESP,32
  1124 00000B7F 6A 00                           	PUSH	0
  1125 00000B81 68 [00000120]                   	PUSH	LC2
  1126 00000B86 68 000000A5                     	PUSH	165
  1127 00000B8B 68 00000100                     	PUSH	256
  1128 00000B90 56                              	PUSH	ESI
  1129 00000B91 E8 [00000000]                   	CALL	_make_window8
  1130 00000B96 6A 00                           	PUSH	0
  1131 00000B98 68 00000080                     	PUSH	128
  1132 00000B9D 68 000000F0                     	PUSH	240
  1133 00000BA2 6A 1C                           	PUSH	28
  1134 00000BA4 6A 08                           	PUSH	8
  1135 00000BA6 53                              	PUSH	EBX
  1136 00000BA7 E8 [00000000]                   	CALL	_make_textbox8
  1137 00000BAC 83 C4 2C                        	ADD	ESP,44
  1138 00000BAF FF 75 0C                        	PUSH	DWORD [12+EBP]
  1139 00000BB2 53                              	PUSH	EBX
  1140 00000BB3 E8 FFFFFEEB                     	CALL	_open_constask
  1141 00000BB8 83 4B 1C 20                     	OR	DWORD [28+EBX],32
  1142 00000BBC 89 43 24                        	MOV	DWORD [36+EBX],EAX
  1143 00000BBF 8D 65 F8                        	LEA	ESP,DWORD [-8+EBP]
  1144 00000BC2 89 D8                           	MOV	EAX,EBX
  1145 00000BC4 5B                              	POP	EBX
  1146 00000BC5 5E                              	POP	ESI
  1147 00000BC6 5D                              	POP	EBP
  1148 00000BC7 C3                              	RET
  1149 00000BC8                                 	GLOBAL	_close_constask
  1150 00000BC8                                 _close_constask:
  1151 00000BC8 55                              	PUSH	EBP
  1152 00000BC9 89 E5                           	MOV	EBP,ESP
  1153 00000BCB 53                              	PUSH	EBX
  1154 00000BCC 8B 5D 08                        	MOV	EBX,DWORD [8+EBP]
  1155 00000BCF 53                              	PUSH	EBX
  1156 00000BD0 E8 [00000000]                   	CALL	_task_sleep
  1157 00000BD5 68 00010000                     	PUSH	65536
  1158 00000BDA FF B3 0000009C                  	PUSH	DWORD [156+EBX]
  1159 00000BE0 68 003C0000                     	PUSH	3932160
  1160 00000BE5 E8 [00000000]                   	CALL	_memman_free_4k
  1161 00000BEA 68 00000200                     	PUSH	512
  1162 00000BEF FF 73 10                        	PUSH	DWORD [16+EBX]
  1163 00000BF2 68 003C0000                     	PUSH	3932160
  1164 00000BF7 E8 [00000000]                   	CALL	_memman_free_4k
  1165 00000BFC C7 43 04 00000000               	MOV	DWORD [4+EBX],0
  1166 00000C03 8B 5D FC                        	MOV	EBX,DWORD [-4+EBP]
  1167 00000C06 C9                              	LEAVE
  1168 00000C07 C3                              	RET
  1169 00000C08                                 	GLOBAL	_close_console
  1170 00000C08                                 _close_console:
  1171 00000C08 55                              	PUSH	EBP
  1172 00000C09 89 E5                           	MOV	EBP,ESP
  1173 00000C0B 56                              	PUSH	ESI
  1174 00000C0C 53                              	PUSH	EBX
  1175 00000C0D 8B 5D 08                        	MOV	EBX,DWORD [8+EBP]
  1176 00000C10 8B 73 24                        	MOV	ESI,DWORD [36+EBX]
  1177 00000C13 68 0000A500                     	PUSH	42240
  1178 00000C18 FF 33                           	PUSH	DWORD [EBX]
  1179 00000C1A 68 003C0000                     	PUSH	3932160
  1180 00000C1F E8 [00000000]                   	CALL	_memman_free_4k
  1181 00000C24 53                              	PUSH	EBX
  1182 00000C25 E8 [00000000]                   	CALL	_sheet_free
  1183 00000C2A 89 75 08                        	MOV	DWORD [8+EBP],ESI
  1184 00000C2D 83 C4 10                        	ADD	ESP,16
  1185 00000C30 8D 65 F8                        	LEA	ESP,DWORD [-8+EBP]
  1186 00000C33 5B                              	POP	EBX
  1187 00000C34 5E                              	POP	ESI
  1188 00000C35 5D                              	POP	EBP
  1189 00000C36 EB 90                           	JMP	_close_constask
